12.3159 	WARNING 	User requested fullscreen with size [1024  768], but screen is actually [2880, 1920]. Using actual size
13.6620 	EXP 	Created window1 = Window(allowGUI=True, allowStencil=False, autoLog=True, backendConf=UNKNOWN, backgroundFit=<method-wrapper '__getattribute__' of attributeSetter object at 0x00000281D8DD1E80>, backgroundImage=<method-wrapper '__getattribute__' of attributeSetter object at 0x00000281D8DD1E20>, bitsMode=UNKNOWN, blendMode='avg', bpc=(8, 8, 8), color=array([0, 0, 0]), colorSpace='rgb', depthBits=8, fullscr=<method-wrapper '__getattribute__' of attributeSetter object at 0x00000281D8DD1B20>, gamma=None, gammaErrorPolicy='raise', lms=UNKNOWN, monitor=<psychopy.monitors.calibTools.Monitor object at 0x00000281DF9AF6D0>, multiSample=False, name='window1', numSamples=2, pos=(0, 0), screen=0, size=array([2880, 1920]), stencilBits=0, stereo=False, units='height', useFBO=True, useRetina=False, viewOri=0.0, viewPos=None, viewScale=None, waitBlanking=True, winType='pyglet')
13.6621 	EXP 	window1: mouseVisible = True
13.6621 	EXP 	window1: backgroundImage = ''
13.6622 	EXP 	window1: backgroundFit = 'none'
13.6623 	EXP 	window1: mouseVisible = False
13.6623 	EXP 	window1: Attempting to measure frame rate of screen (0) ...
13.6624 	EXP 	window1: recordFrameIntervals = False
13.8279 	EXP 	window1: recordFrameIntervals = True
14.0117 	EXP 	Screen (0) actual frame rate measured at 59.98Hz
14.0117 	EXP 	window1: recordFrameIntervals = False
16.2765 	EXP 	Created fixation = ShapeStim(__class__=<class 'psychopy.visual.shape.ShapeStim'>, anchor=('center', 'center'), autoDraw=False, autoLog=True, closeShape=True, color=method-wrapper(...), colorSpace='rgb', contrast=None, depth=0.0, fillColor=array([1, 1, 1]), fillColorSpace='rgb', fillRGB=array([1, 1, 1]), interpolate=True, lineColor=array([1., 1., 1.]), lineColorSpace='rgb', lineRGB=array([1, 1, 1]), lineWidth=1.0, name='fixation', opacity=1.0, ori=0.0, pos=array([0., 0.]), size=array([0.05, 0.05]), units='height', vertices=ndarray(...), win=Window(...), windingRule=None)
16.3224 	EXP 	Created text = TextStim(__class__=<class 'psychopy.visual.text.TextStim'>, alignHoriz=method-wrapper(...), alignText='center', alignVert=method-wrapper(...), anchorHoriz='center', anchorVert='center', antialias=True, autoDraw=False, autoLog=True, bold=False, color=array([1., 1., 1.]), colorSpace='rgb', contrast=1.0, depth=-1.0, flipHoriz=False, flipVert=False, font='Open Sans', fontFiles=[], height=0.05, italic=False, languageStyle='LTR', name='text', opacity=1.0, ori=0.0, pos=array([0., 0.]), rgb=UNKNOWN, text='', units='height', win=Window(...), wrapWidth=1)
16.3402 	EXP 	Imported C:/Users/urmil/OneDrive/Documents/discounting_conditons.xlsx as conditions, 100 conditions, 3 params
16.3437 	EXP 	Created sequence: random, trialTypes=100, nReps=1, seed=None
16.3442 	EXP 	New trial (rep=0, index=0): {'reward_today': 73, 'future_reward': 111, 'delay': 127}
16.4459 	EXP 	text: height = 0.05
16.4459 	EXP 	text: height = 0.05
16.4459 	EXP 	text: height = 0.05
16.4459 	EXP 	text: text = 'GBP73 todayor GBP 111after127 days'
16.4459 	EXP 	fixation: autoDraw = True
17.2472 	DATA 	Keypress: l
17.3279 	EXP 	text: autoDraw = True
17.4615 	EXP 	fixation: autoDraw = False
17.7306 	DATA 	Keypress: l
17.7488 	EXP 	New trial (rep=0, index=1): {'reward_today': 45, 'future_reward': 91, 'delay': 119}
17.7638 	EXP 	fixation: autoDraw = False
17.7638 	EXP 	text: autoDraw = False
17.7638 	EXP 	text: height = 0.05
17.7638 	EXP 	text: height = 0.05
17.7638 	EXP 	text: height = 0.05
17.7638 	EXP 	text: text = 'GBP45 todayor GBP 91after119 days'
17.7638 	EXP 	fixation: autoDraw = True
18.1806 	DATA 	Keypress: l
18.7616 	EXP 	text: autoDraw = True
18.7780 	EXP 	fixation: autoDraw = False
19.2975 	EXP 	New trial (rep=0, index=2): {'reward_today': 38, 'future_reward': 125, 'delay': 85}
19.3073 	DATA 	Keypress: l
19.3112 	EXP 	fixation: autoDraw = False
19.3112 	EXP 	text: autoDraw = False
19.3112 	EXP 	text: height = 0.05
19.3112 	EXP 	text: height = 0.05
19.3112 	EXP 	text: height = 0.05
19.3112 	EXP 	text: text = 'GBP38 todayor GBP 125after85 days'
19.3112 	EXP 	fixation: autoDraw = True
19.6813 	DATA 	Keypress: l
20.0983 	DATA 	Keypress: t
20.2481 	DATA 	Keypress: t
20.3114 	EXP 	fixation: autoDraw = False
20.3114 	EXP 	text: autoDraw = True
23.8624 	EXP 	New trial (rep=0, index=3): {'reward_today': 80, 'future_reward': 82, 'delay': 143}
23.8748 	DATA 	Keypress: t
23.8778 	EXP 	fixation: autoDraw = False
23.8778 	EXP 	text: autoDraw = False
23.8778 	EXP 	text: height = 0.05
23.8778 	EXP 	text: height = 0.05
23.8778 	EXP 	text: height = 0.05
23.8778 	EXP 	text: text = 'GBP80 todayor GBP 82after143 days'
23.8778 	EXP 	fixation: autoDraw = True
24.8616 	EXP 	text: autoDraw = True
24.8779 	EXP 	fixation: autoDraw = False
25.0295 	EXP 	New trial (rep=0, index=4): {'reward_today': 4, 'future_reward': 121, 'delay': 124}
25.0374 	DATA 	Keypress: l
25.0445 	EXP 	fixation: autoDraw = False
25.0445 	EXP 	text: autoDraw = False
25.0445 	EXP 	text: height = 0.05
25.0445 	EXP 	text: height = 0.05
25.0445 	EXP 	text: height = 0.05
25.0445 	EXP 	text: text = 'GBP4 todayor GBP 121after124 days'
25.0445 	EXP 	fixation: autoDraw = True
25.2472 	DATA 	Keypress: l
25.3808 	DATA 	Keypress: l
26.0448 	EXP 	fixation: autoDraw = False
26.0448 	EXP 	text: autoDraw = True
26.6319 	EXP 	New trial (rep=0, index=5): {'reward_today': 24, 'future_reward': 111, 'delay': 82}
26.6458 	DATA 	Keypress: l
26.6496 	EXP 	fixation: autoDraw = False
26.6496 	EXP 	text: autoDraw = False
26.6496 	EXP 	text: height = 0.05
26.6496 	EXP 	text: height = 0.05
26.6496 	EXP 	text: height = 0.05
26.6496 	EXP 	text: text = 'GBP24 todayor GBP 111after82 days'
26.6496 	EXP 	fixation: autoDraw = True
27.1977 	DATA 	Keypress: t
27.5152 	DATA 	Keypress: t
27.6447 	EXP 	text: autoDraw = True
27.6614 	EXP 	fixation: autoDraw = False
27.6798 	EXP 	New trial (rep=0, index=6): {'reward_today': 36, 'future_reward': 105, 'delay': 67}
27.6913 	DATA 	Keypress: t
27.6946 	EXP 	fixation: autoDraw = False
27.6946 	EXP 	text: autoDraw = False
27.6946 	EXP 	text: height = 0.05
27.6946 	EXP 	text: height = 0.05
27.6946 	EXP 	text: height = 0.05
27.6946 	EXP 	text: text = 'GBP36 todayor GBP 105after67 days'
27.6946 	EXP 	fixation: autoDraw = True
27.8133 	DATA 	Keypress: t
28.4140 	DATA 	Keypress: t
28.6137 	DATA 	Keypress: t
28.6948 	EXP 	fixation: autoDraw = False
28.6948 	EXP 	text: autoDraw = True
28.7963 	EXP 	New trial (rep=0, index=7): {'reward_today': 28, 'future_reward': 86, 'delay': 67}
28.8028 	DATA 	Keypress: t
28.8114 	EXP 	fixation: autoDraw = False
28.8114 	EXP 	text: autoDraw = False
28.8114 	EXP 	text: height = 0.05
28.8114 	EXP 	text: height = 0.05
28.8114 	EXP 	text: height = 0.05
28.8114 	EXP 	text: text = 'GBP28 todayor GBP 86after67 days'
28.8114 	EXP 	fixation: autoDraw = True
28.8984 	DATA 	Keypress: t
29.0302 	DATA 	Keypress: t
29.2139 	DATA 	Keypress: t
29.4654 	DATA 	Keypress: t
29.8114 	EXP 	fixation: autoDraw = False
29.8114 	EXP 	text: autoDraw = True
30.1135 	EXP 	New trial (rep=0, index=8): {'reward_today': 40, 'future_reward': 93, 'delay': 60}
30.1216 	DATA 	Keypress: l
30.1278 	EXP 	fixation: autoDraw = False
30.1278 	EXP 	text: autoDraw = False
30.1278 	EXP 	text: height = 0.05
30.1278 	EXP 	text: height = 0.05
30.1278 	EXP 	text: height = 0.05
30.1278 	EXP 	text: text = 'GBP40 todayor GBP 93after60 days'
30.1278 	EXP 	fixation: autoDraw = True
30.2648 	DATA 	Keypress: l
30.3973 	DATA 	Keypress: l
30.5145 	DATA 	Keypress: l
30.6637 	DATA 	Keypress: l
30.7979 	DATA 	Keypress: l
30.9327 	DATA 	Keypress: l
31.1279 	EXP 	fixation: autoDraw = False
31.1279 	EXP 	text: autoDraw = True
31.5300 	EXP 	New trial (rep=0, index=9): {'reward_today': 54, 'future_reward': 120, 'delay': 93}
31.5380 	DATA 	Keypress: t
31.5446 	EXP 	fixation: autoDraw = False
31.5446 	EXP 	text: autoDraw = False
31.5446 	EXP 	text: height = 0.05
31.5446 	EXP 	text: height = 0.05
31.5446 	EXP 	text: height = 0.05
31.5446 	EXP 	text: text = 'GBP54 todayor GBP 120after93 days'
31.5446 	EXP 	fixation: autoDraw = True
31.6647 	DATA 	Keypress: t
31.7983 	DATA 	Keypress: t
31.9143 	DATA 	Keypress: t
32.5447 	EXP 	fixation: autoDraw = False
32.5447 	EXP 	text: autoDraw = True
36.6810 	EXP 	New trial (rep=0, index=10): {'reward_today': 25, 'future_reward': 113, 'delay': 126}
36.6946 	DATA 	Keypress: l
36.6971 	EXP 	fixation: autoDraw = False
36.6971 	EXP 	text: autoDraw = False
36.6971 	EXP 	text: height = 0.05
36.6971 	EXP 	text: height = 0.05
36.6971 	EXP 	text: height = 0.05
36.6971 	EXP 	text: text = 'GBP25 todayor GBP 113after126 days'
36.6971 	EXP 	fixation: autoDraw = True
37.6948 	EXP 	text: autoDraw = True
37.7115 	EXP 	fixation: autoDraw = False
40.6969 	EXP 	New trial (rep=0, index=11): {'reward_today': 35, 'future_reward': 116, 'delay': 100}
40.7071 	DATA 	Keypress: t
40.7114 	EXP 	fixation: autoDraw = False
40.7114 	EXP 	text: autoDraw = False
40.7114 	EXP 	text: height = 0.05
40.7114 	EXP 	text: height = 0.05
40.7114 	EXP 	text: height = 0.05
40.7114 	EXP 	text: text = 'GBP35 todayor GBP 116after100 days'
40.7114 	EXP 	fixation: autoDraw = True
41.7114 	EXP 	fixation: autoDraw = False
41.7114 	EXP 	text: autoDraw = True
43.5483 	DATA 	Keypress: space
44.2823 	DATA 	Keypress: l
44.2962 	EXP 	New trial (rep=0, index=12): {'reward_today': 58, 'future_reward': 128, 'delay': 81}
44.3113 	EXP 	fixation: autoDraw = False
44.3113 	EXP 	text: autoDraw = False
44.3113 	EXP 	text: height = 0.05
44.3113 	EXP 	text: height = 0.05
44.3113 	EXP 	text: height = 0.05
44.3113 	EXP 	text: text = 'GBP58 todayor GBP 128after81 days'
44.3113 	EXP 	fixation: autoDraw = True
45.3114 	EXP 	fixation: autoDraw = False
45.3114 	EXP 	text: autoDraw = True
46.9960 	EXP 	New trial (rep=0, index=13): {'reward_today': 13, 'future_reward': 87, 'delay': 84}
47.0023 	DATA 	Keypress: t
47.0116 	EXP 	fixation: autoDraw = False
47.0116 	EXP 	text: autoDraw = False
47.0116 	EXP 	text: height = 0.05
47.0116 	EXP 	text: height = 0.05
47.0116 	EXP 	text: height = 0.05
47.0116 	EXP 	text: text = 'GBP13 todayor GBP 87after84 days'
47.0116 	EXP 	fixation: autoDraw = True
48.0115 	EXP 	fixation: autoDraw = False
48.0115 	EXP 	text: autoDraw = True
49.3130 	EXP 	New trial (rep=0, index=14): {'reward_today': 32, 'future_reward': 114, 'delay': 111}
49.3193 	DATA 	Keypress: l
49.3281 	EXP 	fixation: autoDraw = False
49.3281 	EXP 	text: autoDraw = False
49.3281 	EXP 	text: height = 0.05
49.3281 	EXP 	text: height = 0.05
49.3281 	EXP 	text: height = 0.05
49.3281 	EXP 	text: text = 'GBP32 todayor GBP 114after111 days'
49.3281 	EXP 	fixation: autoDraw = True
50.3280 	EXP 	fixation: autoDraw = False
50.3280 	EXP 	text: autoDraw = True
51.9809 	DATA 	Keypress: y
52.2472 	DATA 	Keypress: y
53.0971 	EXP 	New trial (rep=0, index=15): {'reward_today': 40, 'future_reward': 117, 'delay': 125}
53.1043 	DATA 	Keypress: t
53.1114 	EXP 	fixation: autoDraw = False
53.1114 	EXP 	text: autoDraw = False
53.1114 	EXP 	text: height = 0.05
53.1114 	EXP 	text: height = 0.05
53.1114 	EXP 	text: height = 0.05
53.1114 	EXP 	text: text = 'GBP40 todayor GBP 117after125 days'
53.1114 	EXP 	fixation: autoDraw = True
53.4967 	DATA 	Keypress: t
53.8804 	DATA 	Keypress: l
53.9803 	DATA 	Keypress: t
54.0978 	DATA 	Keypress: l
54.1115 	EXP 	fixation: autoDraw = False
54.1115 	EXP 	text: autoDraw = True
54.2469 	EXP 	New trial (rep=0, index=16): {'reward_today': 63, 'future_reward': 94, 'delay': 89}
54.2576 	DATA 	Keypress: t
54.2613 	EXP 	fixation: autoDraw = False
54.2613 	EXP 	text: autoDraw = False
54.2613 	EXP 	text: height = 0.05
54.2613 	EXP 	text: height = 0.05
54.2613 	EXP 	text: height = 0.05
54.2613 	EXP 	text: text = 'GBP63 todayor GBP 94after89 days'
54.2613 	EXP 	fixation: autoDraw = True
54.3796 	DATA 	Keypress: l
54.4968 	DATA 	Keypress: t
54.6628 	DATA 	Keypress: l
54.9473 	DATA 	Keypress: t
55.1628 	DATA 	Keypress: t
55.2613 	EXP 	fixation: autoDraw = False
55.2613 	EXP 	text: autoDraw = True
55.6645 	DATA 	Keypress: t
55.6798 	EXP 	New trial (rep=0, index=17): {'reward_today': 55, 'future_reward': 112, 'delay': 131}
55.6949 	EXP 	fixation: autoDraw = False
55.6949 	EXP 	text: autoDraw = False
55.6949 	EXP 	text: height = 0.05
55.6949 	EXP 	text: height = 0.05
55.6949 	EXP 	text: height = 0.05
55.6949 	EXP 	text: text = 'GBP55 todayor GBP 112after131 days'
55.6949 	EXP 	fixation: autoDraw = True
56.2965 	DATA 	Keypress: t
56.6951 	EXP 	fixation: autoDraw = False
56.6951 	EXP 	text: autoDraw = True
57.0820 	DATA 	Keypress: l
57.0969 	EXP 	New trial (rep=0, index=18): {'reward_today': 55, 'future_reward': 121, 'delay': 40}
57.1114 	EXP 	fixation: autoDraw = False
57.1114 	EXP 	text: autoDraw = False
57.1114 	EXP 	text: height = 0.05
57.1114 	EXP 	text: height = 0.05
57.1114 	EXP 	text: height = 0.05
57.1114 	EXP 	text: text = 'GBP55 todayor GBP 121after40 days'
57.1114 	EXP 	fixation: autoDraw = True
57.3481 	DATA 	Keypress: l
57.7312 	DATA 	Keypress: l
58.1117 	EXP 	fixation: autoDraw = False
58.1117 	EXP 	text: autoDraw = True
58.3303 	EXP 	New trial (rep=0, index=19): {'reward_today': 15, 'future_reward': 35, 'delay': 13}
58.3385 	DATA 	Keypress: t
58.3448 	EXP 	fixation: autoDraw = False
58.3448 	EXP 	text: autoDraw = False
58.3448 	EXP 	text: height = 0.05
58.3448 	EXP 	text: height = 0.05
58.3448 	EXP 	text: height = 0.05
58.3448 	EXP 	text: text = 'GBP15 todayor GBP 35after13 days'
58.3448 	EXP 	fixation: autoDraw = True
58.9304 	DATA 	Keypress: l
59.0156 	DATA 	Keypress: t
59.3450 	EXP 	fixation: autoDraw = False
59.3450 	EXP 	text: autoDraw = True
59.3963 	EXP 	New trial (rep=0, index=20): {'reward_today': 15, 'future_reward': 107, 'delay': 59}
59.4047 	DATA 	Keypress: l
59.4114 	EXP 	fixation: autoDraw = False
59.4114 	EXP 	text: autoDraw = False
59.4114 	EXP 	text: height = 0.05
59.4114 	EXP 	text: height = 0.05
59.4114 	EXP 	text: height = 0.05
59.4114 	EXP 	text: text = 'GBP15 todayor GBP 107after59 days'
59.4114 	EXP 	fixation: autoDraw = True
59.9652 	DATA 	Keypress: l
60.4114 	EXP 	fixation: autoDraw = False
60.4114 	EXP 	text: autoDraw = True
60.4637 	EXP 	New trial (rep=0, index=21): {'reward_today': 49, 'future_reward': 86, 'delay': 133}
60.4718 	DATA 	Keypress: l
60.4780 	EXP 	fixation: autoDraw = False
60.4780 	EXP 	text: autoDraw = False
60.4780 	EXP 	text: height = 0.05
60.4780 	EXP 	text: height = 0.05
60.4780 	EXP 	text: height = 0.05
60.4780 	EXP 	text: text = 'GBP49 todayor GBP 86after133 days'
60.4780 	EXP 	fixation: autoDraw = True
60.6963 	DATA 	Keypress: t
61.0437 	DATA 	Keypress: t
61.3299 	DATA 	Keypress: t
61.4781 	EXP 	fixation: autoDraw = False
61.4781 	EXP 	text: autoDraw = True
61.6463 	EXP 	New trial (rep=0, index=22): {'reward_today': 64, 'future_reward': 104, 'delay': 74}
61.6540 	DATA 	Keypress: t
61.6615 	EXP 	fixation: autoDraw = False
61.6615 	EXP 	text: autoDraw = False
61.6615 	EXP 	text: height = 0.05
61.6615 	EXP 	text: height = 0.05
61.6615 	EXP 	text: height = 0.05
61.6615 	EXP 	text: text = 'GBP64 todayor GBP 104after74 days'
61.6615 	EXP 	fixation: autoDraw = True
61.8309 	DATA 	Keypress: l
62.0469 	DATA 	Keypress: t
62.1798 	DATA 	Keypress: l
62.2975 	DATA 	Keypress: t
62.4466 	DATA 	Keypress: l
62.5314 	DATA 	Keypress: t
62.6613 	EXP 	fixation: autoDraw = False
62.6613 	EXP 	text: autoDraw = True
62.7131 	EXP 	New trial (rep=0, index=23): {'reward_today': 67, 'future_reward': 97, 'delay': 40}
62.7206 	DATA 	Keypress: l
62.7279 	EXP 	fixation: autoDraw = False
62.7279 	EXP 	text: autoDraw = False
62.7279 	EXP 	text: height = 0.05
62.7279 	EXP 	text: height = 0.05
62.7279 	EXP 	text: height = 0.05
62.7279 	EXP 	text: text = 'GBP67 todayor GBP 97after40 days'
62.7279 	EXP 	fixation: autoDraw = True
62.7647 	DATA 	Keypress: t
62.9482 	DATA 	Keypress: l
62.9806 	DATA 	Keypress: t
63.1469 	DATA 	Keypress: t
63.2297 	DATA 	Keypress: l
63.3472 	DATA 	Keypress: t
63.4632 	DATA 	Keypress: l
63.5477 	DATA 	Keypress: t
63.6993 	DATA 	Keypress: l
63.7116 	EXP 	text: autoDraw = True
63.7286 	EXP 	fixation: autoDraw = False
63.7304 	EXP 	New trial (rep=0, index=24): {'reward_today': 64, 'future_reward': 102, 'delay': 109}
63.7376 	DATA 	Keypress: t
63.7447 	EXP 	fixation: autoDraw = False
63.7447 	EXP 	text: autoDraw = False
63.7447 	EXP 	text: height = 0.05
63.7447 	EXP 	text: height = 0.05
63.7447 	EXP 	text: height = 0.05
63.7447 	EXP 	text: text = 'GBP64 todayor GBP 102after109 days'
63.7447 	EXP 	fixation: autoDraw = True
63.9135 	DATA 	Keypress: t
63.9301 	DATA 	Keypress: l
64.0971 	DATA 	Keypress: t
64.1969 	DATA 	Keypress: l
64.2813 	DATA 	Keypress: t
64.4140 	DATA 	Keypress: l
64.7283 	EXP 	text: autoDraw = True
64.7334 	DATA 	Keypress: t
64.7448 	EXP 	fixation: autoDraw = False
65.0687 	DATA 	Keypress: l
65.0813 	EXP 	New trial (rep=0, index=25): {'reward_today': 47, 'future_reward': 83, 'delay': 107}
65.0959 	EXP 	fixation: autoDraw = False
65.0959 	EXP 	text: autoDraw = False
65.0959 	EXP 	text: height = 0.05
65.0959 	EXP 	text: height = 0.05
65.0959 	EXP 	text: height = 0.05
65.0959 	EXP 	text: text = 'GBP47 todayor GBP 83after107 days'
65.0959 	EXP 	fixation: autoDraw = True
65.2493 	DATA 	Keypress: l
65.7146 	DATA 	Keypress: l
65.7470 	DATA 	Keypress: p
66.0950 	EXP 	text: autoDraw = True
66.1116 	EXP 	fixation: autoDraw = False
67.0136 	EXP 	New trial (rep=0, index=26): {'reward_today': 11, 'future_reward': 115, 'delay': 97}
67.0244 	DATA 	Keypress: l
67.0281 	EXP 	fixation: autoDraw = False
67.0281 	EXP 	text: autoDraw = False
67.0281 	EXP 	text: height = 0.05
67.0281 	EXP 	text: height = 0.05
67.0281 	EXP 	text: height = 0.05
67.0281 	EXP 	text: text = 'GBP11 todayor GBP 115after97 days'
67.0281 	EXP 	fixation: autoDraw = True
68.0282 	EXP 	fixation: autoDraw = False
68.0282 	EXP 	text: autoDraw = True
68.3638 	EXP 	New trial (rep=0, index=27): {'reward_today': 79, 'future_reward': 100, 'delay': 67}
68.3729 	DATA 	Keypress: t
68.3779 	EXP 	fixation: autoDraw = False
68.3779 	EXP 	text: autoDraw = False
68.3779 	EXP 	text: height = 0.05
68.3779 	EXP 	text: height = 0.05
68.3779 	EXP 	text: height = 0.05
68.3779 	EXP 	text: text = 'GBP79 todayor GBP 100after67 days'
68.3779 	EXP 	fixation: autoDraw = True
69.3781 	EXP 	fixation: autoDraw = False
69.3781 	EXP 	text: autoDraw = True
69.6973 	EXP 	New trial (rep=0, index=28): {'reward_today': 65, 'future_reward': 99, 'delay': 129}
69.7104 	DATA 	Keypress: l
69.7130 	EXP 	fixation: autoDraw = False
69.7130 	EXP 	text: autoDraw = False
69.7130 	EXP 	text: height = 0.05
69.7130 	EXP 	text: height = 0.05
69.7130 	EXP 	text: height = 0.05
69.7130 	EXP 	text: text = 'GBP65 todayor GBP 99after129 days'
69.7130 	EXP 	fixation: autoDraw = True
70.7115 	EXP 	text: autoDraw = True
70.7282 	EXP 	fixation: autoDraw = False
71.0297 	EXP 	New trial (rep=0, index=29): {'reward_today': 28, 'future_reward': 104, 'delay': 60}
71.0368 	DATA 	Keypress: t
71.0449 	EXP 	fixation: autoDraw = False
71.0449 	EXP 	text: autoDraw = False
71.0449 	EXP 	text: height = 0.05
71.0449 	EXP 	text: height = 0.05
71.0449 	EXP 	text: height = 0.05
71.0449 	EXP 	text: text = 'GBP28 todayor GBP 104after60 days'
71.0449 	EXP 	fixation: autoDraw = True
72.0447 	EXP 	fixation: autoDraw = False
72.0447 	EXP 	text: autoDraw = True
72.3971 	EXP 	New trial (rep=0, index=30): {'reward_today': 22, 'future_reward': 85, 'delay': 82}
72.4100 	DATA 	Keypress: l
72.4125 	EXP 	fixation: autoDraw = False
72.4125 	EXP 	text: autoDraw = False
72.4125 	EXP 	text: height = 0.05
72.4125 	EXP 	text: height = 0.05
72.4125 	EXP 	text: height = 0.05
72.4125 	EXP 	text: text = 'GBP22 todayor GBP 85after82 days'
72.4125 	EXP 	fixation: autoDraw = True
73.4116 	EXP 	fixation: autoDraw = False
73.4116 	EXP 	text: autoDraw = True
73.7469 	EXP 	New trial (rep=0, index=31): {'reward_today': 16, 'future_reward': 110, 'delay': 45}
73.7582 	DATA 	Keypress: t
73.7616 	EXP 	fixation: autoDraw = False
73.7616 	EXP 	text: autoDraw = False
73.7616 	EXP 	text: height = 0.05
73.7616 	EXP 	text: height = 0.05
73.7616 	EXP 	text: height = 0.05
73.7616 	EXP 	text: text = 'GBP16 todayor GBP 110after45 days'
73.7616 	EXP 	fixation: autoDraw = True
74.7614 	EXP 	fixation: autoDraw = False
74.7614 	EXP 	text: autoDraw = True
76.2476 	EXP 	New trial (rep=0, index=32): {'reward_today': 2, 'future_reward': 106, 'delay': 85}
76.2592 	DATA 	Keypress: l
76.2619 	EXP 	fixation: autoDraw = False
76.2619 	EXP 	text: autoDraw = False
76.2619 	EXP 	text: height = 0.05
76.2619 	EXP 	text: height = 0.05
76.2619 	EXP 	text: height = 0.05
76.2619 	EXP 	text: text = 'GBP2 todayor GBP 106after85 days'
76.2619 	EXP 	fixation: autoDraw = True
77.2615 	EXP 	fixation: autoDraw = False
77.2615 	EXP 	text: autoDraw = True
77.6963 	EXP 	New trial (rep=0, index=33): {'reward_today': 57, 'future_reward': 96, 'delay': 90}
77.7037 	DATA 	Keypress: t
77.7116 	EXP 	fixation: autoDraw = False
77.7116 	EXP 	text: autoDraw = False
77.7116 	EXP 	text: height = 0.05
77.7116 	EXP 	text: height = 0.05
77.7116 	EXP 	text: height = 0.05
77.7116 	EXP 	text: text = 'GBP57 todayor GBP 96after90 days'
77.7116 	EXP 	fixation: autoDraw = True
78.6809 	DATA 	Keypress: t
78.7116 	EXP 	fixation: autoDraw = False
78.7116 	EXP 	text: autoDraw = True
78.8961 	EXP 	New trial (rep=0, index=34): {'reward_today': 37, 'future_reward': 129, 'delay': 56}
78.9030 	DATA 	Keypress: t
78.9116 	EXP 	fixation: autoDraw = False
78.9116 	EXP 	text: autoDraw = False
78.9116 	EXP 	text: height = 0.05
78.9116 	EXP 	text: height = 0.05
78.9116 	EXP 	text: height = 0.05
78.9116 	EXP 	text: text = 'GBP37 todayor GBP 129after56 days'
78.9116 	EXP 	fixation: autoDraw = True
79.1319 	DATA 	Keypress: t
79.3666 	DATA 	Keypress: t
79.5303 	DATA 	Keypress: l
79.7992 	DATA 	Keypress: t
79.9120 	EXP 	fixation: autoDraw = False
79.9120 	EXP 	text: autoDraw = True
80.1306 	EXP 	New trial (rep=0, index=35): {'reward_today': 75, 'future_reward': 81, 'delay': 146}
80.1475 	DATA 	Keypress: l
80.1523 	EXP 	fixation: autoDraw = False
80.1523 	EXP 	text: autoDraw = False
80.1523 	EXP 	text: height = 0.05
80.1523 	EXP 	text: height = 0.05
80.1523 	EXP 	text: height = 0.05
80.1523 	EXP 	text: text = 'GBP75 todayor GBP 81after146 days'
80.1523 	EXP 	fixation: autoDraw = True
80.1819 	DATA 	Keypress: t
80.3944 	DATA 	Keypress: t
80.4821 	DATA 	Keypress: l
80.6152 	DATA 	Keypress: t
80.7975 	DATA 	Keypress: l
80.8485 	DATA 	Keypress: t
80.9801 	DATA 	Keypress: t
81.1382 	DATA 	Keypress: l
81.1464 	EXP 	fixation: autoDraw = False
81.1464 	EXP 	text: autoDraw = True
81.2301 	EXP 	New trial (rep=0, index=36): {'reward_today': 11, 'future_reward': 89, 'delay': 138}
81.2410 	DATA 	Keypress: t
81.2451 	EXP 	fixation: autoDraw = False
81.2451 	EXP 	text: autoDraw = False
81.2451 	EXP 	text: height = 0.05
81.2451 	EXP 	text: height = 0.05
81.2451 	EXP 	text: height = 0.05
81.2451 	EXP 	text: text = 'GBP11 todayor GBP 89after138 days'
81.2451 	EXP 	fixation: autoDraw = True
81.4321 	DATA 	Keypress: t
81.5148 	DATA 	Keypress: l
81.7337 	DATA 	Keypress: t
81.9653 	DATA 	Keypress: l
82.1333 	DATA 	Keypress: t
82.2452 	EXP 	fixation: autoDraw = False
82.2452 	EXP 	text: autoDraw = True
82.4316 	EXP 	New trial (rep=0, index=37): {'reward_today': 13, 'future_reward': 104, 'delay': 48}
82.4454 	DATA 	Keypress: l
82.4500 	EXP 	fixation: autoDraw = False
82.4500 	EXP 	text: autoDraw = False
82.4500 	EXP 	text: height = 0.05
82.4500 	EXP 	text: height = 0.05
82.4500 	EXP 	text: height = 0.05
82.4500 	EXP 	text: text = 'GBP13 todayor GBP 104after48 days'
82.4500 	EXP 	fixation: autoDraw = True
83.2653 	DATA 	Keypress: t
83.4452 	EXP 	text: autoDraw = True
83.4619 	EXP 	fixation: autoDraw = False
83.5487 	EXP 	New trial (rep=0, index=38): {'reward_today': 38, 'future_reward': 90, 'delay': 72}
83.5641 	DATA 	Keypress: t
83.5672 	EXP 	fixation: autoDraw = False
83.5672 	EXP 	text: autoDraw = False
83.5672 	EXP 	text: height = 0.05
83.5672 	EXP 	text: height = 0.05
83.5672 	EXP 	text: height = 0.05
83.5672 	EXP 	text: text = 'GBP38 todayor GBP 90after72 days'
83.5672 	EXP 	fixation: autoDraw = True
83.7986 	DATA 	Keypress: t
84.1178 	DATA 	Keypress: t
84.4012 	DATA 	Keypress: t
84.5619 	EXP 	text: autoDraw = True
84.5783 	EXP 	fixation: autoDraw = False
84.6638 	EXP 	New trial (rep=0, index=39): {'reward_today': 46, 'future_reward': 97, 'delay': 98}
84.6698 	DATA 	Keypress: t
84.6783 	EXP 	fixation: autoDraw = False
84.6783 	EXP 	text: autoDraw = False
84.6783 	EXP 	text: height = 0.05
84.6783 	EXP 	text: height = 0.05
84.6783 	EXP 	text: height = 0.05
84.6783 	EXP 	text: text = 'GBP46 todayor GBP 97after98 days'
84.6783 	EXP 	fixation: autoDraw = True
84.9970 	DATA 	Keypress: l
85.6299 	DATA 	Keypress: t
85.6782 	EXP 	fixation: autoDraw = False
85.6782 	EXP 	text: autoDraw = True
86.0146 	EXP 	New trial (rep=0, index=40): {'reward_today': 17, 'future_reward': 117, 'delay': 142}
86.0261 	DATA 	Keypress: l
86.0290 	EXP 	fixation: autoDraw = False
86.0290 	EXP 	text: autoDraw = False
86.0290 	EXP 	text: height = 0.05
86.0290 	EXP 	text: height = 0.05
86.0290 	EXP 	text: height = 0.05
86.0290 	EXP 	text: text = 'GBP17 todayor GBP 117after142 days'
86.0290 	EXP 	fixation: autoDraw = True
86.3324 	DATA 	Keypress: l
86.6309 	DATA 	Keypress: l
87.0280 	EXP 	fixation: autoDraw = False
87.0280 	EXP 	text: autoDraw = True
87.0964 	EXP 	New trial (rep=0, index=41): {'reward_today': 29, 'future_reward': 98, 'delay': 40}
87.1021 	DATA 	Keypress: l
87.1114 	EXP 	fixation: autoDraw = False
87.1114 	EXP 	text: autoDraw = False
87.1114 	EXP 	text: height = 0.05
87.1114 	EXP 	text: height = 0.05
87.1114 	EXP 	text: height = 0.05
87.1114 	EXP 	text: text = 'GBP29 todayor GBP 98after40 days'
87.1114 	EXP 	fixation: autoDraw = True
87.5314 	DATA 	Keypress: l
88.1119 	EXP 	fixation: autoDraw = False
88.1119 	EXP 	text: autoDraw = True
88.2463 	EXP 	New trial (rep=0, index=42): {'reward_today': 5, 'future_reward': 104, 'delay': 148}
88.2588 	DATA 	Keypress: t
88.2621 	EXP 	fixation: autoDraw = False
88.2621 	EXP 	text: autoDraw = False
88.2621 	EXP 	text: height = 0.05
88.2621 	EXP 	text: height = 0.05
88.2621 	EXP 	text: height = 0.05
88.2621 	EXP 	text: text = 'GBP5 todayor GBP 104after148 days'
88.2621 	EXP 	fixation: autoDraw = True
88.7655 	DATA 	Keypress: t
89.2617 	EXP 	fixation: autoDraw = False
89.2617 	EXP 	text: autoDraw = True
89.2815 	EXP 	New trial (rep=0, index=43): {'reward_today': 28, 'future_reward': 104, 'delay': 42}
89.2943 	DATA 	Keypress: t
89.2972 	EXP 	fixation: autoDraw = False
89.2972 	EXP 	text: autoDraw = False
89.2972 	EXP 	text: height = 0.05
89.2972 	EXP 	text: height = 0.05
89.2972 	EXP 	text: height = 0.05
89.2972 	EXP 	text: text = 'GBP28 todayor GBP 104after42 days'
89.2972 	EXP 	fixation: autoDraw = True
89.7304 	DATA 	Keypress: t
90.2949 	EXP 	text: autoDraw = True
90.3118 	EXP 	fixation: autoDraw = False
90.3136 	EXP 	New trial (rep=0, index=44): {'reward_today': 58, 'future_reward': 125, 'delay': 61}
90.3206 	DATA 	Keypress: l
90.3280 	EXP 	fixation: autoDraw = False
90.3280 	EXP 	text: autoDraw = False
90.3280 	EXP 	text: height = 0.05
90.3280 	EXP 	text: height = 0.05
90.3280 	EXP 	text: height = 0.05
90.3280 	EXP 	text: text = 'GBP58 todayor GBP 125after61 days'
90.3280 	EXP 	fixation: autoDraw = True
90.5994 	DATA 	Keypress: l
90.9976 	DATA 	Keypress: l
91.3283 	EXP 	fixation: autoDraw = False
91.3283 	EXP 	text: autoDraw = True
91.3467 	EXP 	New trial (rep=0, index=45): {'reward_today': 60, 'future_reward': 89, 'delay': 93}
91.3535 	DATA 	Keypress: l
91.3615 	EXP 	fixation: autoDraw = False
91.3615 	EXP 	text: autoDraw = False
91.3615 	EXP 	text: height = 0.05
91.3615 	EXP 	text: height = 0.05
91.3615 	EXP 	text: height = 0.05
91.3615 	EXP 	text: text = 'GBP60 todayor GBP 89after93 days'
91.3615 	EXP 	fixation: autoDraw = True
91.6825 	DATA 	Keypress: l
92.0148 	DATA 	Keypress: l
92.3616 	EXP 	fixation: autoDraw = False
92.3616 	EXP 	text: autoDraw = True
92.4467 	EXP 	New trial (rep=0, index=46): {'reward_today': 78, 'future_reward': 88, 'delay': 92}
92.4550 	DATA 	Keypress: l
92.4614 	EXP 	fixation: autoDraw = False
92.4614 	EXP 	text: autoDraw = False
92.4614 	EXP 	text: height = 0.05
92.4614 	EXP 	text: height = 0.05
92.4614 	EXP 	text: height = 0.05
92.4614 	EXP 	text: text = 'GBP78 todayor GBP 88after92 days'
92.4614 	EXP 	fixation: autoDraw = True
92.6810 	DATA 	Keypress: t
92.9142 	DATA 	Keypress: t
93.1818 	DATA 	Keypress: t
93.4499 	DATA 	Keypress: t
93.4614 	EXP 	fixation: autoDraw = False
93.4614 	EXP 	text: autoDraw = True
94.1980 	EXP 	New trial (rep=0, index=47): {'reward_today': 58, 'future_reward': 96, 'delay': 93}
94.2132 	DATA 	Keypress: t
94.2170 	EXP 	fixation: autoDraw = False
94.2170 	EXP 	text: autoDraw = False
94.2170 	EXP 	text: height = 0.05
94.2170 	EXP 	text: height = 0.05
94.2170 	EXP 	text: height = 0.05
94.2170 	EXP 	text: text = 'GBP58 todayor GBP 96after93 days'
94.2170 	EXP 	fixation: autoDraw = True
94.3474 	DATA 	Keypress: t
94.4824 	DATA 	Keypress: t
94.7637 	DATA 	Keypress: t
95.2116 	EXP 	text: autoDraw = True
95.2154 	DATA 	Keypress: t
95.2280 	EXP 	fixation: autoDraw = False
95.6300 	EXP 	New trial (rep=0, index=48): {'reward_today': 8, 'future_reward': 99, 'delay': 103}
95.6466 	DATA 	Keypress: l
95.6491 	EXP 	fixation: autoDraw = False
95.6491 	EXP 	text: autoDraw = False
95.6491 	EXP 	text: height = 0.05
95.6491 	EXP 	text: height = 0.05
95.6491 	EXP 	text: height = 0.05
95.6491 	EXP 	text: text = 'GBP8 todayor GBP 99after103 days'
95.6491 	EXP 	fixation: autoDraw = True
96.0145 	DATA 	Keypress: l
96.3643 	DATA 	Keypress: l
96.6449 	EXP 	text: autoDraw = True
96.6617 	EXP 	fixation: autoDraw = False
96.6646 	EXP 	New trial (rep=0, index=49): {'reward_today': 77, 'future_reward': 100, 'delay': 143}
96.6739 	DATA 	Keypress: l
96.6783 	EXP 	fixation: autoDraw = False
96.6783 	EXP 	text: autoDraw = False
96.6783 	EXP 	text: height = 0.05
96.6783 	EXP 	text: height = 0.05
96.6783 	EXP 	text: height = 0.05
96.6783 	EXP 	text: text = 'GBP77 todayor GBP 100after143 days'
96.6783 	EXP 	fixation: autoDraw = True
97.5636 	DATA 	Keypress: t
97.6783 	EXP 	fixation: autoDraw = False
97.6783 	EXP 	text: autoDraw = True
97.7470 	EXP 	New trial (rep=0, index=50): {'reward_today': 28, 'future_reward': 101, 'delay': 145}
97.7584 	DATA 	Keypress: t
97.7614 	EXP 	fixation: autoDraw = False
97.7614 	EXP 	text: autoDraw = False
97.7614 	EXP 	text: height = 0.05
97.7614 	EXP 	text: height = 0.05
97.7614 	EXP 	text: height = 0.05
97.7614 	EXP 	text: text = 'GBP28 todayor GBP 101after145 days'
97.7614 	EXP 	fixation: autoDraw = True
98.0315 	DATA 	Keypress: t
98.7629 	EXP 	fixation: autoDraw = False
98.7629 	EXP 	text: autoDraw = True
99.0310 	EXP 	New trial (rep=0, index=51): {'reward_today': 47, 'future_reward': 128, 'delay': 46}
99.0461 	DATA 	Keypress: t
99.0488 	EXP 	fixation: autoDraw = False
99.0488 	EXP 	text: autoDraw = False
99.0488 	EXP 	text: height = 0.05
99.0488 	EXP 	text: height = 0.05
99.0488 	EXP 	text: height = 0.05
99.0488 	EXP 	text: text = 'GBP47 todayor GBP 128after46 days'
99.0488 	EXP 	fixation: autoDraw = True
99.2677 	DATA 	Keypress: t
99.2693 	DATA 	Keypress: l
99.4140 	DATA 	Keypress: t
99.5805 	DATA 	Keypress: t
99.5974 	DATA 	Keypress: l
99.7643 	DATA 	Keypress: t
99.8975 	DATA 	Keypress: t
99.9642 	DATA 	Keypress: l
100.0450 	EXP 	text: autoDraw = True
100.0616 	EXP 	fixation: autoDraw = False
100.0635 	EXP 	New trial (rep=0, index=52): {'reward_today': 40, 'future_reward': 55, 'delay': 62}
100.0701 	DATA 	Keypress: t
100.0782 	EXP 	fixation: autoDraw = False
100.0782 	EXP 	text: autoDraw = False
100.0782 	EXP 	text: height = 0.05
100.0782 	EXP 	text: height = 0.05
100.0782 	EXP 	text: height = 0.05
100.0782 	EXP 	text: text = 'GBP40 todayor GBP 55after62 days'
100.0782 	EXP 	fixation: autoDraw = True
100.2132 	DATA 	Keypress: t
100.2636 	DATA 	Keypress: l
100.3477 	DATA 	Keypress: t
100.4809 	DATA 	Keypress: t
100.5469 	DATA 	Keypress: l
100.6472 	DATA 	Keypress: t
100.7149 	DATA 	Keypress: l
100.7829 	DATA 	Keypress: t
100.9318 	DATA 	Keypress: l
100.9484 	DATA 	Keypress: t
101.0792 	EXP 	fixation: autoDraw = False
101.0792 	EXP 	text: autoDraw = True
101.6803 	EXP 	New trial (rep=0, index=53): {'reward_today': 70, 'future_reward': 116, 'delay': 89}
101.6884 	DATA 	Keypress: t
101.6948 	EXP 	fixation: autoDraw = False
101.6948 	EXP 	text: autoDraw = False
101.6948 	EXP 	text: height = 0.05
101.6948 	EXP 	text: height = 0.05
101.6948 	EXP 	text: height = 0.05
101.6948 	EXP 	text: text = 'GBP70 todayor GBP 116after89 days'
101.6948 	EXP 	fixation: autoDraw = True
102.0146 	DATA 	Keypress: t
102.3144 	DATA 	Keypress: t
102.6946 	EXP 	fixation: autoDraw = False
102.6946 	EXP 	text: autoDraw = True
102.7296 	EXP 	New trial (rep=0, index=54): {'reward_today': 28, 'future_reward': 103, 'delay': 138}
102.7390 	DATA 	Keypress: t
102.7452 	EXP 	fixation: autoDraw = False
102.7452 	EXP 	text: autoDraw = False
102.7452 	EXP 	text: height = 0.05
102.7452 	EXP 	text: height = 0.05
102.7452 	EXP 	text: height = 0.05
102.7452 	EXP 	text: text = 'GBP28 todayor GBP 103after138 days'
102.7452 	EXP 	fixation: autoDraw = True
102.9807 	DATA 	Keypress: t
103.4299 	DATA 	Keypress: l
103.5475 	DATA 	Keypress: t
103.6486 	DATA 	Keypress: l
103.6642 	DATA 	Keypress: t
103.7447 	EXP 	fixation: autoDraw = False
103.7447 	EXP 	text: autoDraw = True
104.3800 	EXP 	New trial (rep=0, index=55): {'reward_today': 28, 'future_reward': 102, 'delay': 76}
104.3905 	DATA 	Keypress: l
104.3946 	EXP 	fixation: autoDraw = False
104.3946 	EXP 	text: autoDraw = False
104.3946 	EXP 	text: height = 0.05
104.3946 	EXP 	text: height = 0.05
104.3946 	EXP 	text: height = 0.05
104.3946 	EXP 	text: text = 'GBP28 todayor GBP 102after76 days'
104.3946 	EXP 	fixation: autoDraw = True
104.6821 	DATA 	Keypress: t
104.9990 	DATA 	Keypress: t
105.3154 	DATA 	Keypress: t
105.3950 	EXP 	fixation: autoDraw = False
105.3950 	EXP 	text: autoDraw = True
105.7128 	EXP 	New trial (rep=0, index=56): {'reward_today': 7, 'future_reward': 99, 'delay': 40}
105.7227 	DATA 	Keypress: t
105.7281 	EXP 	fixation: autoDraw = False
105.7281 	EXP 	text: autoDraw = False
105.7281 	EXP 	text: height = 0.05
105.7281 	EXP 	text: height = 0.05
105.7281 	EXP 	text: height = 0.05
105.7281 	EXP 	text: text = 'GBP7 todayor GBP 99after40 days'
105.7281 	EXP 	fixation: autoDraw = True
106.0303 	DATA 	Keypress: t
106.3660 	DATA 	Keypress: t
106.3825 	DATA 	Keypress: 4
106.7116 	EXP 	text: autoDraw = True
106.7283 	EXP 	fixation: autoDraw = False
107.0157 	DATA 	Keypress: 4
107.0642 	EXP 	New trial (rep=0, index=57): {'reward_today': 49, 'future_reward': 60, 'delay': 89}
107.0794 	DATA 	Keypress: l
107.0823 	EXP 	fixation: autoDraw = False
107.0823 	EXP 	text: autoDraw = False
107.0823 	EXP 	text: height = 0.05
107.0823 	EXP 	text: height = 0.05
107.0823 	EXP 	text: height = 0.05
107.0823 	EXP 	text: text = 'GBP49 todayor GBP 60after89 days'
107.0823 	EXP 	fixation: autoDraw = True
107.3991 	DATA 	Keypress: t
107.6648 	DATA 	Keypress: l
107.9977 	DATA 	Keypress: t
108.0784 	EXP 	text: autoDraw = True
108.0951 	EXP 	fixation: autoDraw = False
108.1301 	EXP 	New trial (rep=0, index=58): {'reward_today': 80, 'future_reward': 81, 'delay': 143}
108.1428 	DATA 	Keypress: t
108.1430 	DATA 	Keypress: l
108.1456 	EXP 	fixation: autoDraw = False
108.1456 	EXP 	text: autoDraw = False
108.1456 	EXP 	text: height = 0.05
108.1456 	EXP 	text: height = 0.05
108.1456 	EXP 	text: height = 0.05
108.1456 	EXP 	text: text = 'GBP80 todayor GBP 81after143 days'
108.1456 	EXP 	fixation: autoDraw = True
108.2648 	DATA 	Keypress: t
108.2656 	DATA 	Keypress: l
108.7485 	DATA 	Keypress: t
109.0324 	DATA 	Keypress: l
109.1450 	EXP 	fixation: autoDraw = False
109.1450 	EXP 	text: autoDraw = True
109.3811 	EXP 	New trial (rep=0, index=59): {'reward_today': 77, 'future_reward': 91, 'delay': 73}
109.3942 	DATA 	Keypress: l
109.3969 	EXP 	fixation: autoDraw = False
109.3969 	EXP 	text: autoDraw = False
109.3969 	EXP 	text: height = 0.05
109.3969 	EXP 	text: height = 0.05
109.3969 	EXP 	text: height = 0.05
109.3969 	EXP 	text: text = 'GBP77 todayor GBP 91after73 days'
109.3969 	EXP 	fixation: autoDraw = True
109.4488 	DATA 	Keypress: l
109.6825 	DATA 	Keypress: t
110.0481 	DATA 	Keypress: t
110.3643 	DATA 	Keypress: l
110.3948 	EXP 	text: autoDraw = True
110.4114 	EXP 	fixation: autoDraw = False
110.7654 	DATA 	Keypress: t
110.7805 	EXP 	New trial (rep=0, index=60): {'reward_today': 26, 'future_reward': 91, 'delay': 109}
110.7949 	EXP 	fixation: autoDraw = False
110.7949 	EXP 	text: autoDraw = False
110.7949 	EXP 	text: height = 0.05
110.7949 	EXP 	text: height = 0.05
110.7949 	EXP 	text: height = 0.05
110.7949 	EXP 	text: text = 'GBP26 todayor GBP 91after109 days'
110.7949 	EXP 	fixation: autoDraw = True
110.9139 	DATA 	Keypress: t
110.9145 	DATA 	Keypress: l
111.0482 	DATA 	Keypress: l
111.7146 	DATA 	Keypress: t
111.7949 	EXP 	fixation: autoDraw = False
111.7949 	EXP 	text: autoDraw = True
112.6969 	EXP 	New trial (rep=0, index=61): {'reward_today': 67, 'future_reward': 75, 'delay': 119}
112.7077 	DATA 	Keypress: t
112.7116 	EXP 	fixation: autoDraw = False
112.7116 	EXP 	text: autoDraw = False
112.7116 	EXP 	text: height = 0.05
112.7116 	EXP 	text: height = 0.05
112.7116 	EXP 	text: height = 0.05
112.7116 	EXP 	text: text = 'GBP67 todayor GBP 75after119 days'
112.7116 	EXP 	fixation: autoDraw = True
113.0144 	DATA 	Keypress: t
113.7117 	EXP 	fixation: autoDraw = False
113.7117 	EXP 	text: autoDraw = True
114.0310 	EXP 	New trial (rep=0, index=62): {'reward_today': 39, 'future_reward': 108, 'delay': 139}
114.0392 	DATA 	Keypress: t
114.0447 	EXP 	fixation: autoDraw = False
114.0447 	EXP 	text: autoDraw = False
114.0447 	EXP 	text: height = 0.05
114.0447 	EXP 	text: height = 0.05
114.0447 	EXP 	text: height = 0.05
114.0447 	EXP 	text: text = 'GBP39 todayor GBP 108after139 days'
114.0447 	EXP 	fixation: autoDraw = True
114.3837 	DATA 	Keypress: l
114.7305 	DATA 	Keypress: t
114.8642 	DATA 	Keypress: t
114.9479 	DATA 	Keypress: l
115.0148 	DATA 	Keypress: t
115.0449 	EXP 	fixation: autoDraw = False
115.0449 	EXP 	text: autoDraw = True
115.1131 	EXP 	New trial (rep=0, index=63): {'reward_today': 58, 'future_reward': 86, 'delay': 95}
115.1205 	DATA 	Keypress: l
115.1281 	EXP 	fixation: autoDraw = False
115.1281 	EXP 	text: autoDraw = False
115.1281 	EXP 	text: height = 0.05
115.1281 	EXP 	text: height = 0.05
115.1281 	EXP 	text: height = 0.05
115.1281 	EXP 	text: text = 'GBP58 todayor GBP 86after95 days'
115.1281 	EXP 	fixation: autoDraw = True
115.3991 	DATA 	Keypress: t
115.7145 	DATA 	Keypress: t
116.1281 	EXP 	fixation: autoDraw = False
116.1281 	EXP 	text: autoDraw = True
116.3646 	EXP 	New trial (rep=0, index=64): {'reward_today': 59, 'future_reward': 115, 'delay': 120}
116.3834 	DATA 	Keypress: l
116.3871 	EXP 	fixation: autoDraw = False
116.3871 	EXP 	text: autoDraw = False
116.3871 	EXP 	text: height = 0.05
116.3871 	EXP 	text: height = 0.05
116.3871 	EXP 	text: height = 0.05
116.3871 	EXP 	text: text = 'GBP59 todayor GBP 115after120 days'
116.3871 	EXP 	fixation: autoDraw = True
116.6816 	DATA 	Keypress: l
117.3784 	EXP 	text: autoDraw = True
117.3950 	EXP 	fixation: autoDraw = False
118.3802 	EXP 	New trial (rep=0, index=65): {'reward_today': 78, 'future_reward': 80, 'delay': 162}
118.3894 	DATA 	Keypress: t
118.3947 	EXP 	fixation: autoDraw = False
118.3947 	EXP 	text: autoDraw = False
118.3947 	EXP 	text: height = 0.05
118.3947 	EXP 	text: height = 0.05
118.3947 	EXP 	text: height = 0.05
118.3947 	EXP 	text: text = 'GBP78 todayor GBP 80after162 days'
118.3947 	EXP 	fixation: autoDraw = True
119.3948 	EXP 	fixation: autoDraw = False
119.3948 	EXP 	text: autoDraw = True
119.4631 	EXP 	New trial (rep=0, index=66): {'reward_today': 71, 'future_reward': 106, 'delay': 100}
119.4713 	DATA 	Keypress: l
119.4895 	EXP 	fixation: autoDraw = False
119.4895 	EXP 	text: autoDraw = False
119.4895 	EXP 	text: height = 0.05
119.4895 	EXP 	text: height = 0.05
119.4895 	EXP 	text: height = 0.05
119.4895 	EXP 	text: text = 'GBP71 todayor GBP 106after100 days'
119.4895 	EXP 	fixation: autoDraw = True
119.7491 	DATA 	Keypress: l
120.4783 	EXP 	text: autoDraw = True
120.4949 	EXP 	fixation: autoDraw = False
120.6635 	EXP 	New trial (rep=0, index=67): {'reward_today': 53, 'future_reward': 111, 'delay': 87}
120.6723 	DATA 	Keypress: t
120.6780 	EXP 	fixation: autoDraw = False
120.6780 	EXP 	text: autoDraw = False
120.6780 	EXP 	text: height = 0.05
120.6780 	EXP 	text: height = 0.05
120.6780 	EXP 	text: height = 0.05
120.6780 	EXP 	text: text = 'GBP53 todayor GBP 111after87 days'
120.6780 	EXP 	fixation: autoDraw = True
121.6782 	EXP 	fixation: autoDraw = False
121.6782 	EXP 	text: autoDraw = True
122.3802 	EXP 	New trial (rep=0, index=68): {'reward_today': 68, 'future_reward': 128, 'delay': 83}
122.3869 	DATA 	Keypress: l
122.3950 	EXP 	fixation: autoDraw = False
122.3950 	EXP 	text: autoDraw = False
122.3950 	EXP 	text: height = 0.05
122.3950 	EXP 	text: height = 0.05
122.3950 	EXP 	text: height = 0.05
122.3950 	EXP 	text: text = 'GBP68 todayor GBP 128after83 days'
122.3950 	EXP 	fixation: autoDraw = True
123.3783 	EXP 	text: autoDraw = True
123.3949 	EXP 	fixation: autoDraw = False
123.6648 	EXP 	New trial (rep=0, index=69): {'reward_today': 20, 'future_reward': 110, 'delay': 130}
123.6709 	DATA 	Keypress: t
123.6781 	EXP 	fixation: autoDraw = False
123.6781 	EXP 	text: autoDraw = False
123.6781 	EXP 	text: height = 0.05
123.6781 	EXP 	text: height = 0.05
123.6781 	EXP 	text: height = 0.05
123.6781 	EXP 	text: text = 'GBP20 todayor GBP 110after130 days'
123.6781 	EXP 	fixation: autoDraw = True
124.6780 	EXP 	fixation: autoDraw = False
124.6780 	EXP 	text: autoDraw = True
124.8136 	EXP 	New trial (rep=0, index=70): {'reward_today': 56, 'future_reward': 129, 'delay': 130}
124.8249 	DATA 	Keypress: l
124.8280 	EXP 	fixation: autoDraw = False
124.8280 	EXP 	text: autoDraw = False
124.8280 	EXP 	text: height = 0.05
124.8280 	EXP 	text: height = 0.05
124.8280 	EXP 	text: height = 0.05
124.8280 	EXP 	text: text = 'GBP56 todayor GBP 129after130 days'
124.8280 	EXP 	fixation: autoDraw = True
125.8283 	EXP 	fixation: autoDraw = False
125.8283 	EXP 	text: autoDraw = True
125.8649 	EXP 	New trial (rep=0, index=71): {'reward_today': 49, 'future_reward': 83, 'delay': 99}
125.8754 	DATA 	Keypress: t
125.8783 	EXP 	fixation: autoDraw = False
125.8783 	EXP 	text: autoDraw = False
125.8783 	EXP 	text: height = 0.05
125.8783 	EXP 	text: height = 0.05
125.8783 	EXP 	text: height = 0.05
125.8783 	EXP 	text: text = 'GBP49 todayor GBP 83after99 days'
125.8783 	EXP 	fixation: autoDraw = True
126.8783 	EXP 	fixation: autoDraw = False
126.8783 	EXP 	text: autoDraw = True
126.9966 	EXP 	New trial (rep=0, index=72): {'reward_today': 30, 'future_reward': 101, 'delay': 68}
127.0036 	DATA 	Keypress: t
127.0118 	EXP 	fixation: autoDraw = False
127.0118 	EXP 	text: autoDraw = False
127.0118 	EXP 	text: height = 0.05
127.0118 	EXP 	text: height = 0.05
127.0118 	EXP 	text: height = 0.05
127.0118 	EXP 	text: text = 'GBP30 todayor GBP 101after68 days'
127.0118 	EXP 	fixation: autoDraw = True
128.0118 	EXP 	fixation: autoDraw = False
128.0118 	EXP 	text: autoDraw = True
128.7631 	EXP 	New trial (rep=0, index=73): {'reward_today': 46, 'future_reward': 103, 'delay': 98}
128.7686 	DATA 	Keypress: l
128.7781 	EXP 	fixation: autoDraw = False
128.7781 	EXP 	text: autoDraw = False
128.7781 	EXP 	text: height = 0.05
128.7781 	EXP 	text: height = 0.05
128.7781 	EXP 	text: height = 0.05
128.7781 	EXP 	text: text = 'GBP46 todayor GBP 103after98 days'
128.7781 	EXP 	fixation: autoDraw = True
129.6485 	DATA 	Keypress: t
129.7782 	EXP 	fixation: autoDraw = False
129.7782 	EXP 	text: autoDraw = True
129.9296 	EXP 	New trial (rep=0, index=74): {'reward_today': 35, 'future_reward': 119, 'delay': 44}
129.9363 	DATA 	Keypress: t
129.9447 	EXP 	fixation: autoDraw = False
129.9447 	EXP 	text: autoDraw = False
129.9447 	EXP 	text: height = 0.05
129.9447 	EXP 	text: height = 0.05
129.9447 	EXP 	text: height = 0.05
129.9447 	EXP 	text: text = 'GBP35 todayor GBP 119after44 days'
129.9447 	EXP 	fixation: autoDraw = True
130.3146 	DATA 	Keypress: t
130.8799 	DATA 	Keypress: l
130.9449 	EXP 	fixation: autoDraw = False
130.9449 	EXP 	text: autoDraw = True
131.5465 	EXP 	New trial (rep=0, index=75): {'reward_today': 24, 'future_reward': 99, 'delay': 63}
131.5528 	DATA 	Keypress: l
131.5616 	EXP 	fixation: autoDraw = False
131.5616 	EXP 	text: autoDraw = False
131.5616 	EXP 	text: height = 0.05
131.5616 	EXP 	text: height = 0.05
131.5616 	EXP 	text: height = 0.05
131.5616 	EXP 	text: text = 'GBP24 todayor GBP 99after63 days'
131.5616 	EXP 	fixation: autoDraw = True
132.4640 	DATA 	Keypress: t
132.5616 	EXP 	fixation: autoDraw = False
132.5616 	EXP 	text: autoDraw = True
133.6808 	EXP 	New trial (rep=0, index=76): {'reward_today': 36, 'future_reward': 126, 'delay': 47}
133.6933 	DATA 	Keypress: t
133.6959 	EXP 	fixation: autoDraw = False
133.6959 	EXP 	text: autoDraw = False
133.6959 	EXP 	text: height = 0.05
133.6959 	EXP 	text: height = 0.05
133.6959 	EXP 	text: height = 0.05
133.6959 	EXP 	text: text = 'GBP36 todayor GBP 126after47 days'
133.6959 	EXP 	fixation: autoDraw = True
134.2302 	DATA 	Keypress: l
134.6951 	EXP 	text: autoDraw = True
134.7115 	EXP 	fixation: autoDraw = False
135.2296 	EXP 	New trial (rep=0, index=77): {'reward_today': 63, 'future_reward': 103, 'delay': 147}
135.2381 	DATA 	Keypress: t
135.2449 	EXP 	fixation: autoDraw = False
135.2449 	EXP 	text: autoDraw = False
135.2449 	EXP 	text: height = 0.05
135.2449 	EXP 	text: height = 0.05
135.2449 	EXP 	text: height = 0.05
135.2449 	EXP 	text: text = 'GBP63 todayor GBP 103after147 days'
135.2449 	EXP 	fixation: autoDraw = True
136.1647 	DATA 	Keypress: t
136.2450 	EXP 	fixation: autoDraw = False
136.2450 	EXP 	text: autoDraw = True
137.5481 	DATA 	Keypress: l
137.5636 	EXP 	New trial (rep=0, index=78): {'reward_today': 46, 'future_reward': 89, 'delay': 97}
137.5781 	EXP 	fixation: autoDraw = False
137.5781 	EXP 	text: autoDraw = False
137.5781 	EXP 	text: height = 0.05
137.5781 	EXP 	text: height = 0.05
137.5781 	EXP 	text: height = 0.05
137.5781 	EXP 	text: text = 'GBP46 todayor GBP 89after97 days'
137.5781 	EXP 	fixation: autoDraw = True
138.5782 	EXP 	fixation: autoDraw = False
138.5782 	EXP 	text: autoDraw = True
138.7660 	DATA 	Keypress: t
138.7804 	EXP 	New trial (rep=0, index=79): {'reward_today': 42, 'future_reward': 93, 'delay': 40}
138.8009 	EXP 	fixation: autoDraw = False
138.8009 	EXP 	text: autoDraw = False
138.8009 	EXP 	text: height = 0.05
138.8009 	EXP 	text: height = 0.05
138.8009 	EXP 	text: height = 0.05
138.8009 	EXP 	text: text = 'GBP42 todayor GBP 93after40 days'
138.8009 	EXP 	fixation: autoDraw = True
139.7950 	EXP 	text: autoDraw = True
139.8116 	EXP 	fixation: autoDraw = False
140.1974 	EXP 	New trial (rep=0, index=80): {'reward_today': 2, 'future_reward': 110, 'delay': 106}
140.2111 	DATA 	Keypress: t
140.2138 	EXP 	fixation: autoDraw = False
140.2138 	EXP 	text: autoDraw = False
140.2138 	EXP 	text: height = 0.05
140.2138 	EXP 	text: height = 0.05
140.2138 	EXP 	text: height = 0.05
140.2138 	EXP 	text: text = 'GBP2 todayor GBP 110after106 days'
140.2138 	EXP 	fixation: autoDraw = True
140.9157 	DATA 	Keypress: t
141.2121 	EXP 	text: autoDraw = True
141.2281 	EXP 	fixation: autoDraw = False
141.3818 	DATA 	Keypress: l
141.3969 	EXP 	New trial (rep=0, index=81): {'reward_today': 7, 'future_reward': 130, 'delay': 95}
141.4123 	EXP 	fixation: autoDraw = False
141.4123 	EXP 	text: autoDraw = False
141.4123 	EXP 	text: height = 0.05
141.4123 	EXP 	text: height = 0.05
141.4123 	EXP 	text: height = 0.05
141.4123 	EXP 	text: text = 'GBP7 todayor GBP 130after95 days'
141.4123 	EXP 	fixation: autoDraw = True
141.9470 	DATA 	Keypress: l
142.4116 	EXP 	fixation: autoDraw = False
142.4116 	EXP 	text: autoDraw = True
143.6297 	EXP 	New trial (rep=0, index=82): {'reward_today': 15, 'future_reward': 129, 'delay': 109}
143.6355 	DATA 	Keypress: t
143.6450 	EXP 	fixation: autoDraw = False
143.6450 	EXP 	text: autoDraw = False
143.6450 	EXP 	text: height = 0.05
143.6450 	EXP 	text: height = 0.05
143.6450 	EXP 	text: height = 0.05
143.6450 	EXP 	text: text = 'GBP15 todayor GBP 129after109 days'
143.6450 	EXP 	fixation: autoDraw = True
144.2639 	DATA 	Keypress: t
144.5646 	DATA 	Keypress: l
144.6446 	EXP 	fixation: autoDraw = False
144.6446 	EXP 	text: autoDraw = True
144.9975 	EXP 	New trial (rep=0, index=83): {'reward_today': 5, 'future_reward': 109, 'delay': 99}
145.0081 	DATA 	Keypress: l
145.0116 	EXP 	fixation: autoDraw = False
145.0116 	EXP 	text: autoDraw = False
145.0116 	EXP 	text: height = 0.05
145.0116 	EXP 	text: height = 0.05
145.0116 	EXP 	text: height = 0.05
145.0116 	EXP 	text: text = 'GBP5 todayor GBP 109after99 days'
145.0116 	EXP 	fixation: autoDraw = True
145.3467 	DATA 	Keypress: l
145.8305 	DATA 	Keypress: t
146.0135 	EXP 	fixation: autoDraw = False
146.0135 	EXP 	text: autoDraw = True
146.1140 	EXP 	New trial (rep=0, index=84): {'reward_today': 61, 'future_reward': 100, 'delay': 77}
146.1255 	DATA 	Keypress: t
146.1281 	EXP 	fixation: autoDraw = False
146.1281 	EXP 	text: autoDraw = False
146.1281 	EXP 	text: height = 0.05
146.1281 	EXP 	text: height = 0.05
146.1281 	EXP 	text: height = 0.05
146.1281 	EXP 	text: text = 'GBP61 todayor GBP 100after77 days'
146.1281 	EXP 	fixation: autoDraw = True
146.3144 	DATA 	Keypress: t
147.1281 	EXP 	fixation: autoDraw = False
147.1281 	EXP 	text: autoDraw = True
147.2975 	EXP 	New trial (rep=0, index=85): {'reward_today': 3, 'future_reward': 93, 'delay': 78}
147.3132 	DATA 	Keypress: l
147.3157 	EXP 	fixation: autoDraw = False
147.3157 	EXP 	text: autoDraw = False
147.3157 	EXP 	text: height = 0.05
147.3157 	EXP 	text: height = 0.05
147.3157 	EXP 	text: height = 0.05
147.3157 	EXP 	text: text = 'GBP3 todayor GBP 93after78 days'
147.3157 	EXP 	fixation: autoDraw = True
148.3274 	EXP 	text: autoDraw = True
148.3336 	EXP 	fixation: autoDraw = False
148.8809 	EXP 	New trial (rep=0, index=86): {'reward_today': 27, 'future_reward': 50, 'delay': 21}
148.8952 	DATA 	Keypress: l
148.8980 	EXP 	fixation: autoDraw = False
148.8980 	EXP 	text: autoDraw = False
148.8980 	EXP 	text: height = 0.05
148.8980 	EXP 	text: height = 0.05
148.8980 	EXP 	text: height = 0.05
148.8980 	EXP 	text: text = 'GBP27 todayor GBP 50after21 days'
148.8980 	EXP 	fixation: autoDraw = True
149.7467 	DATA 	Keypress: t
149.8949 	EXP 	text: autoDraw = True
149.9117 	EXP 	fixation: autoDraw = False
150.0809 	EXP 	New trial (rep=0, index=87): {'reward_today': 48, 'future_reward': 125, 'delay': 107}
150.0896 	DATA 	Keypress: t
150.0948 	EXP 	fixation: autoDraw = False
150.0948 	EXP 	text: autoDraw = False
150.0948 	EXP 	text: height = 0.05
150.0948 	EXP 	text: height = 0.05
150.0948 	EXP 	text: height = 0.05
150.0948 	EXP 	text: text = 'GBP48 todayor GBP 125after107 days'
150.0948 	EXP 	fixation: autoDraw = True
150.3980 	DATA 	Keypress: t
150.6816 	DATA 	Keypress: t
150.9136 	DATA 	Keypress: l
151.0950 	EXP 	fixation: autoDraw = False
151.0950 	EXP 	text: autoDraw = True
151.2131 	EXP 	New trial (rep=0, index=88): {'reward_today': 27, 'future_reward': 89, 'delay': 52}
151.2187 	DATA 	Keypress: l
151.2293 	EXP 	fixation: autoDraw = False
151.2293 	EXP 	text: autoDraw = False
151.2293 	EXP 	text: height = 0.05
151.2293 	EXP 	text: height = 0.05
151.2293 	EXP 	text: height = 0.05
151.2293 	EXP 	text: text = 'GBP27 todayor GBP 89after52 days'
151.2293 	EXP 	fixation: autoDraw = True
151.4798 	DATA 	Keypress: l
151.7644 	DATA 	Keypress: l
152.1301 	DATA 	Keypress: l
152.2284 	EXP 	fixation: autoDraw = False
152.2284 	EXP 	text: autoDraw = True
152.5632 	EXP 	New trial (rep=0, index=89): {'reward_today': 20, 'future_reward': 121, 'delay': 40}
152.5691 	DATA 	Keypress: l
152.5784 	EXP 	fixation: autoDraw = False
152.5784 	EXP 	text: autoDraw = False
152.5784 	EXP 	text: height = 0.05
152.5784 	EXP 	text: height = 0.05
152.5784 	EXP 	text: height = 0.05
152.5784 	EXP 	text: text = 'GBP20 todayor GBP 121after40 days'
152.5784 	EXP 	fixation: autoDraw = True
152.8643 	DATA 	Keypress: t
153.1145 	DATA 	Keypress: t
153.4299 	DATA 	Keypress: t
153.5782 	EXP 	fixation: autoDraw = False
153.5782 	EXP 	text: autoDraw = True
153.7139 	EXP 	New trial (rep=0, index=90): {'reward_today': 34, 'future_reward': 115, 'delay': 49}
153.7249 	DATA 	Keypress: t
153.7281 	EXP 	fixation: autoDraw = False
153.7281 	EXP 	text: autoDraw = False
153.7281 	EXP 	text: height = 0.05
153.7281 	EXP 	text: height = 0.05
153.7281 	EXP 	text: height = 0.05
153.7281 	EXP 	text: text = 'GBP34 todayor GBP 115after49 days'
153.7281 	EXP 	fixation: autoDraw = True
154.0639 	DATA 	Keypress: t
154.3972 	DATA 	Keypress: l
154.7283 	EXP 	fixation: autoDraw = False
154.7283 	EXP 	text: autoDraw = True
154.9972 	EXP 	New trial (rep=0, index=91): {'reward_today': 28, 'future_reward': 127, 'delay': 70}
155.0043 	DATA 	Keypress: t
155.0116 	EXP 	fixation: autoDraw = False
155.0116 	EXP 	text: autoDraw = False
155.0116 	EXP 	text: height = 0.05
155.0116 	EXP 	text: height = 0.05
155.0116 	EXP 	text: height = 0.05
155.0116 	EXP 	text: text = 'GBP28 todayor GBP 127after70 days'
155.0116 	EXP 	fixation: autoDraw = True
155.3315 	DATA 	Keypress: t
155.6469 	DATA 	Keypress: l
156.0118 	EXP 	fixation: autoDraw = False
156.0118 	EXP 	text: autoDraw = True
156.0810 	EXP 	New trial (rep=0, index=92): {'reward_today': 6, 'future_reward': 101, 'delay': 46}
156.0930 	DATA 	Keypress: l
156.0958 	EXP 	fixation: autoDraw = False
156.0958 	EXP 	text: autoDraw = False
156.0958 	EXP 	text: height = 0.05
156.0958 	EXP 	text: height = 0.05
156.0958 	EXP 	text: height = 0.05
156.0958 	EXP 	text: text = 'GBP6 todayor GBP 101after46 days'
156.0958 	EXP 	fixation: autoDraw = True
156.3810 	DATA 	Keypress: t
156.6810 	DATA 	Keypress: t
156.9474 	DATA 	Keypress: t
156.9982 	DATA 	Keypress: l
157.0948 	EXP 	fixation: autoDraw = False
157.0948 	EXP 	text: autoDraw = True
157.5968 	EXP 	New trial (rep=0, index=93): {'reward_today': 53, 'future_reward': 114, 'delay': 58}
157.6046 	DATA 	Keypress: t
157.6116 	EXP 	fixation: autoDraw = False
157.6116 	EXP 	text: autoDraw = False
157.6116 	EXP 	text: height = 0.05
157.6116 	EXP 	text: height = 0.05
157.6116 	EXP 	text: height = 0.05
157.6116 	EXP 	text: text = 'GBP53 todayor GBP 114after58 days'
157.6116 	EXP 	fixation: autoDraw = True
157.9937 	DATA 	Keypress: t
158.6117 	EXP 	fixation: autoDraw = False
158.6117 	EXP 	text: autoDraw = True
158.6807 	EXP 	New trial (rep=0, index=94): {'reward_today': 53, 'future_reward': 100, 'delay': 81}
158.6920 	DATA 	Keypress: t
158.6948 	EXP 	fixation: autoDraw = False
158.6948 	EXP 	text: autoDraw = False
158.6948 	EXP 	text: height = 0.05
158.6948 	EXP 	text: height = 0.05
158.6948 	EXP 	text: height = 0.05
158.6948 	EXP 	text: text = 'GBP53 todayor GBP 100after81 days'
158.6948 	EXP 	fixation: autoDraw = True
159.1473 	DATA 	Keypress: l
159.6638 	DATA 	Keypress: l
159.6950 	EXP 	fixation: autoDraw = False
159.6950 	EXP 	text: autoDraw = True
160.3648 	DATA 	Keypress: l
160.3808 	EXP 	New trial (rep=0, index=95): {'reward_today': 11, 'future_reward': 30, 'delay': 7}
160.3950 	EXP 	fixation: autoDraw = False
160.3950 	EXP 	text: autoDraw = False
160.3950 	EXP 	text: height = 0.05
160.3950 	EXP 	text: height = 0.05
160.3950 	EXP 	text: height = 0.05
160.3950 	EXP 	text: text = 'GBP11 todayor GBP 30after7 days'
160.3950 	EXP 	fixation: autoDraw = True
160.7302 	DATA 	Keypress: t
161.0966 	DATA 	Keypress: t
161.3949 	EXP 	fixation: autoDraw = False
161.3949 	EXP 	text: autoDraw = True
161.3984 	DATA 	Keypress: t
161.7473 	EXP 	New trial (rep=0, index=96): {'reward_today': 72, 'future_reward': 111, 'delay': 95}
161.7575 	DATA 	Keypress: t
161.7615 	EXP 	fixation: autoDraw = False
161.7615 	EXP 	text: autoDraw = False
161.7615 	EXP 	text: height = 0.05
161.7615 	EXP 	text: height = 0.05
161.7615 	EXP 	text: height = 0.05
161.7615 	EXP 	text: text = 'GBP72 todayor GBP 111after95 days'
161.7615 	EXP 	fixation: autoDraw = True
162.4161 	DATA 	Keypress: l
162.7147 	DATA 	Keypress: t
162.7616 	EXP 	fixation: autoDraw = False
162.7616 	EXP 	text: autoDraw = True
163.0464 	EXP 	New trial (rep=0, index=97): {'reward_today': 22, 'future_reward': 107, 'delay': 119}
163.0558 	DATA 	Keypress: t
163.0615 	EXP 	fixation: autoDraw = False
163.0615 	EXP 	text: autoDraw = False
163.0615 	EXP 	text: height = 0.05
163.0615 	EXP 	text: height = 0.05
163.0615 	EXP 	text: height = 0.05
163.0615 	EXP 	text: text = 'GBP22 todayor GBP 107after119 days'
163.0615 	EXP 	fixation: autoDraw = True
163.9475 	DATA 	Keypress: l
164.0614 	EXP 	fixation: autoDraw = False
164.0614 	EXP 	text: autoDraw = True
164.3465 	EXP 	New trial (rep=0, index=98): {'reward_today': 69, 'future_reward': 123, 'delay': 53}
164.3533 	DATA 	Keypress: l
164.3617 	EXP 	fixation: autoDraw = False
164.3617 	EXP 	text: autoDraw = False
164.3617 	EXP 	text: height = 0.05
164.3617 	EXP 	text: height = 0.05
164.3617 	EXP 	text: height = 0.05
164.3617 	EXP 	text: text = 'GBP69 todayor GBP 123after53 days'
164.3617 	EXP 	fixation: autoDraw = True
165.0645 	DATA 	Keypress: t
165.3617 	EXP 	fixation: autoDraw = False
165.3617 	EXP 	text: autoDraw = True
165.6631 	EXP 	New trial (rep=0, index=99): {'reward_today': 13, 'future_reward': 104, 'delay': 52}
165.6689 	DATA 	Keypress: t
165.6787 	EXP 	fixation: autoDraw = False
165.6787 	EXP 	text: autoDraw = False
165.6787 	EXP 	text: height = 0.05
165.6787 	EXP 	text: height = 0.05
165.6787 	EXP 	text: height = 0.05
165.6787 	EXP 	text: text = 'GBP13 todayor GBP 104after52 days'
165.6787 	EXP 	fixation: autoDraw = True
166.6616 	EXP 	text: autoDraw = True
166.6785 	EXP 	fixation: autoDraw = False
166.9658 	DATA 	Keypress: t
166.9951 	EXP 	fixation: autoDraw = False
166.9951 	EXP 	text: autoDraw = False
167.1934 	EXP 	window1: mouseVisible = True
