28.3237 	WARNING 	User requested fullscreen with size [1024  768], but screen is actually [2880, 1920]. Using actual size
29.5037 	EXP 	Created window1 = Window(allowGUI=True, allowStencil=False, autoLog=True, backendConf=UNKNOWN, backgroundFit=<method-wrapper '__getattribute__' of attributeSetter object at 0x0000016A13B1FE50>, backgroundImage=<method-wrapper '__getattribute__' of attributeSetter object at 0x0000016A13B1FFD0>, bitsMode=UNKNOWN, blendMode='avg', bpc=(8, 8, 8), color=array([0, 0, 0]), colorSpace='rgb', depthBits=8, fullscr=<method-wrapper '__getattribute__' of attributeSetter object at 0x0000016A13B1FD00>, gamma=None, gammaErrorPolicy='raise', lms=UNKNOWN, monitor=<psychopy.monitors.calibTools.Monitor object at 0x0000016A1A1B61F0>, multiSample=False, name='window1', numSamples=2, pos=(0, 0), screen=0, size=array([2880, 1920]), stencilBits=0, stereo=False, units='height', useFBO=True, useRetina=False, viewOri=0.0, viewPos=None, viewScale=None, waitBlanking=True, winType='pyglet')
29.5039 	EXP 	window1: mouseVisible = True
29.5039 	EXP 	window1: backgroundImage = ''
29.5039 	EXP 	window1: backgroundFit = 'none'
29.5040 	EXP 	window1: mouseVisible = False
29.5040 	EXP 	window1: Attempting to measure frame rate of screen (0) ...
29.5040 	EXP 	window1: recordFrameIntervals = False
29.6701 	EXP 	window1: recordFrameIntervals = True
29.8533 	EXP 	Screen (0) actual frame rate measured at 60.05Hz
29.8534 	EXP 	window1: recordFrameIntervals = False
32.0494 	EXP 	Created fixation = ShapeStim(__class__=<class 'psychopy.visual.shape.ShapeStim'>, anchor=('center', 'center'), autoDraw=False, autoLog=True, closeShape=True, color=method-wrapper(...), colorSpace='rgb', contrast=None, depth=0.0, fillColor=array([1, 1, 1]), fillColorSpace='rgb', fillRGB=array([1, 1, 1]), interpolate=True, lineColor=array([1., 1., 1.]), lineColorSpace='rgb', lineRGB=array([1, 1, 1]), lineWidth=1.0, name='fixation', opacity=1.0, ori=0.0, pos=array([0., 0.]), size=array([0.05, 0.05]), units='height', vertices=ndarray(...), win=Window(...), windingRule=None)
32.0805 	EXP 	Created text = TextStim(__class__=<class 'psychopy.visual.text.TextStim'>, alignHoriz=method-wrapper(...), alignText='center', alignVert=method-wrapper(...), anchorHoriz='center', anchorVert='center', antialias=True, autoDraw=False, autoLog=True, bold=False, color=array([1., 1., 1.]), colorSpace='rgb', contrast=1.0, depth=-1.0, flipHoriz=False, flipVert=False, font='Open Sans', fontFiles=[], height=0.05, italic=False, languageStyle='LTR', name='text', opacity=1.0, ori=0.0, pos=array([0., 0.]), rgb=UNKNOWN, text='', units='height', win=Window(...), wrapWidth=1)
32.0955 	EXP 	Imported C:/Users/urmil/OneDrive/Documents/discounting_conditons.xlsx as conditions, 100 conditions, 3 params
32.0969 	EXP 	Created sequence: random, trialTypes=100, nReps=1, seed=None
32.0971 	EXP 	New trial (rep=0, index=0): {'reward_today': 25, 'future_reward': 113, 'delay': 126}
32.1711 	EXP 	text: height = 0.05
32.1711 	EXP 	text: height = 0.05
32.1711 	EXP 	text: height = 0.05
32.1711 	EXP 	text: text = 'GBP25 todayor GBP 113after126 days'
32.1711 	EXP 	fixation: autoDraw = True
33.0864 	EXP 	text: autoDraw = True
33.1701 	EXP 	fixation: autoDraw = False
33.4216 	EXP 	New trial (rep=0, index=1): {'reward_today': 70, 'future_reward': 116, 'delay': 89}
33.4335 	DATA 	Keypress: l
33.4365 	EXP 	fixation: autoDraw = False
33.4365 	EXP 	text: autoDraw = False
33.4365 	EXP 	text: height = 0.05
33.4365 	EXP 	text: height = 0.05
33.4365 	EXP 	text: height = 0.05
33.4365 	EXP 	text: text = 'GBP70 todayor GBP 116after89 days'
33.4365 	EXP 	fixation: autoDraw = True
34.2573 	DATA 	Keypress: t
34.4368 	EXP 	fixation: autoDraw = False
34.4368 	EXP 	text: autoDraw = True
34.4725 	EXP 	New trial (rep=0, index=2): {'reward_today': 60, 'future_reward': 89, 'delay': 93}
34.4812 	DATA 	Keypress: t
34.4863 	EXP 	fixation: autoDraw = False
34.4863 	EXP 	text: autoDraw = False
34.4863 	EXP 	text: height = 0.05
34.4863 	EXP 	text: height = 0.05
34.4863 	EXP 	text: height = 0.05
34.4863 	EXP 	text: text = 'GBP60 todayor GBP 89after93 days'
34.4863 	EXP 	fixation: autoDraw = True
34.7387 	DATA 	Keypress: t
34.9724 	DATA 	Keypress: t
35.4866 	EXP 	fixation: autoDraw = False
35.4866 	EXP 	text: autoDraw = True
35.5216 	EXP 	New trial (rep=0, index=3): {'reward_today': 22, 'future_reward': 85, 'delay': 82}
35.5293 	DATA 	Keypress: l
35.5364 	EXP 	fixation: autoDraw = False
35.5364 	EXP 	text: autoDraw = False
35.5364 	EXP 	text: height = 0.05
35.5364 	EXP 	text: height = 0.05
35.5364 	EXP 	text: height = 0.05
35.5364 	EXP 	text: text = 'GBP22 todayor GBP 85after82 days'
35.5364 	EXP 	fixation: autoDraw = True
36.4219 	DATA 	Keypress: t
36.5366 	EXP 	fixation: autoDraw = False
36.5366 	EXP 	text: autoDraw = True
36.9879 	EXP 	New trial (rep=0, index=4): {'reward_today': 54, 'future_reward': 120, 'delay': 93}
36.9956 	DATA 	Keypress: t
37.0030 	EXP 	fixation: autoDraw = False
37.0030 	EXP 	text: autoDraw = False
37.0030 	EXP 	text: height = 0.05
37.0030 	EXP 	text: height = 0.05
37.0030 	EXP 	text: height = 0.05
37.0030 	EXP 	text: text = 'GBP54 todayor GBP 120after93 days'
37.0030 	EXP 	fixation: autoDraw = True
38.0032 	EXP 	fixation: autoDraw = False
38.0032 	EXP 	text: autoDraw = True
38.0231 	DATA 	Keypress: l
38.0375 	EXP 	New trial (rep=0, index=5): {'reward_today': 5, 'future_reward': 104, 'delay': 148}
38.0529 	EXP 	fixation: autoDraw = False
38.0529 	EXP 	text: autoDraw = False
38.0529 	EXP 	text: height = 0.05
38.0529 	EXP 	text: height = 0.05
38.0529 	EXP 	text: height = 0.05
38.0529 	EXP 	text: text = 'GBP5 todayor GBP 104after148 days'
38.0529 	EXP 	fixation: autoDraw = True
39.0367 	EXP 	text: autoDraw = True
39.0532 	EXP 	fixation: autoDraw = False
39.1218 	EXP 	New trial (rep=0, index=6): {'reward_today': 15, 'future_reward': 129, 'delay': 109}
39.1329 	DATA 	Keypress: t
39.1364 	EXP 	fixation: autoDraw = False
39.1364 	EXP 	text: autoDraw = False
39.1364 	EXP 	text: height = 0.05
39.1364 	EXP 	text: height = 0.05
39.1364 	EXP 	text: height = 0.05
39.1364 	EXP 	text: text = 'GBP15 todayor GBP 129after109 days'
39.1364 	EXP 	fixation: autoDraw = True
40.0557 	DATA 	Keypress: l
40.1366 	EXP 	fixation: autoDraw = False
40.1366 	EXP 	text: autoDraw = True
40.7219 	EXP 	New trial (rep=0, index=7): {'reward_today': 27, 'future_reward': 89, 'delay': 52}
40.7277 	DATA 	Keypress: l
40.7365 	EXP 	fixation: autoDraw = False
40.7365 	EXP 	text: autoDraw = False
40.7365 	EXP 	text: height = 0.05
40.7365 	EXP 	text: height = 0.05
40.7365 	EXP 	text: height = 0.05
40.7365 	EXP 	text: text = 'GBP27 todayor GBP 89after52 days'
40.7365 	EXP 	fixation: autoDraw = True
41.7365 	EXP 	fixation: autoDraw = False
41.7365 	EXP 	text: autoDraw = True
41.9216 	EXP 	New trial (rep=0, index=8): {'reward_today': 67, 'future_reward': 97, 'delay': 40}
41.9332 	DATA 	Keypress: t
41.9364 	EXP 	fixation: autoDraw = False
41.9364 	EXP 	text: autoDraw = False
41.9364 	EXP 	text: height = 0.05
41.9364 	EXP 	text: height = 0.05
41.9364 	EXP 	text: height = 0.05
41.9364 	EXP 	text: text = 'GBP67 todayor GBP 97after40 days'
41.9364 	EXP 	fixation: autoDraw = True
42.8561 	DATA 	Keypress: l
42.9365 	EXP 	fixation: autoDraw = False
42.9365 	EXP 	text: autoDraw = True
43.5046 	EXP 	New trial (rep=0, index=9): {'reward_today': 55, 'future_reward': 121, 'delay': 40}
43.5128 	DATA 	Keypress: l
43.5198 	EXP 	fixation: autoDraw = False
43.5198 	EXP 	text: autoDraw = False
43.5198 	EXP 	text: height = 0.05
43.5198 	EXP 	text: height = 0.05
43.5198 	EXP 	text: height = 0.05
43.5198 	EXP 	text: text = 'GBP55 todayor GBP 121after40 days'
43.5198 	EXP 	fixation: autoDraw = True
44.3394 	DATA 	Keypress: t
44.5032 	EXP 	text: autoDraw = True
44.5197 	EXP 	fixation: autoDraw = False
44.8210 	EXP 	New trial (rep=0, index=10): {'reward_today': 28, 'future_reward': 127, 'delay': 70}
44.8270 	DATA 	Keypress: t
44.8366 	EXP 	fixation: autoDraw = False
44.8366 	EXP 	text: autoDraw = False
44.8366 	EXP 	text: height = 0.05
44.8366 	EXP 	text: height = 0.05
44.8366 	EXP 	text: height = 0.05
44.8366 	EXP 	text: text = 'GBP28 todayor GBP 127after70 days'
44.8366 	EXP 	fixation: autoDraw = True
45.8367 	EXP 	fixation: autoDraw = False
45.8367 	EXP 	text: autoDraw = True
46.1890 	EXP 	New trial (rep=0, index=11): {'reward_today': 80, 'future_reward': 82, 'delay': 143}
46.1985 	DATA 	Keypress: l
46.2032 	EXP 	fixation: autoDraw = False
46.2032 	EXP 	text: autoDraw = False
46.2032 	EXP 	text: height = 0.05
46.2032 	EXP 	text: height = 0.05
46.2032 	EXP 	text: height = 0.05
46.2032 	EXP 	text: text = 'GBP80 todayor GBP 82after143 days'
46.2032 	EXP 	fixation: autoDraw = True
47.1564 	DATA 	Keypress: l
47.2031 	EXP 	fixation: autoDraw = False
47.2031 	EXP 	text: autoDraw = True
47.5211 	EXP 	New trial (rep=0, index=12): {'reward_today': 58, 'future_reward': 128, 'delay': 81}
47.5271 	DATA 	Keypress: l
47.5367 	EXP 	fixation: autoDraw = False
47.5367 	EXP 	text: autoDraw = False
47.5367 	EXP 	text: height = 0.05
47.5367 	EXP 	text: height = 0.05
47.5367 	EXP 	text: height = 0.05
47.5367 	EXP 	text: text = 'GBP58 todayor GBP 128after81 days'
47.5367 	EXP 	fixation: autoDraw = True
48.4388 	DATA 	Keypress: l
48.5367 	EXP 	fixation: autoDraw = False
48.5367 	EXP 	text: autoDraw = True
48.7376 	EXP 	New trial (rep=0, index=13): {'reward_today': 58, 'future_reward': 96, 'delay': 93}
48.7440 	DATA 	Keypress: l
48.7534 	EXP 	fixation: autoDraw = False
48.7534 	EXP 	text: autoDraw = False
48.7534 	EXP 	text: height = 0.05
48.7534 	EXP 	text: height = 0.05
48.7534 	EXP 	text: height = 0.05
48.7534 	EXP 	text: text = 'GBP58 todayor GBP 96after93 days'
48.7534 	EXP 	fixation: autoDraw = True
49.7368 	EXP 	text: autoDraw = True
49.7532 	EXP 	fixation: autoDraw = False
49.8213 	EXP 	New trial (rep=0, index=14): {'reward_today': 35, 'future_reward': 116, 'delay': 100}
49.8302 	DATA 	Keypress: l
49.8365 	EXP 	fixation: autoDraw = False
49.8365 	EXP 	text: autoDraw = False
49.8365 	EXP 	text: height = 0.05
49.8365 	EXP 	text: height = 0.05
49.8365 	EXP 	text: height = 0.05
49.8365 	EXP 	text: text = 'GBP35 todayor GBP 116after100 days'
49.8365 	EXP 	fixation: autoDraw = True
50.7059 	DATA 	Keypress: l
50.8366 	EXP 	fixation: autoDraw = False
50.8366 	EXP 	text: autoDraw = True
51.7049 	EXP 	New trial (rep=0, index=15): {'reward_today': 75, 'future_reward': 81, 'delay': 146}
51.7115 	DATA 	Keypress: l
51.7199 	EXP 	fixation: autoDraw = False
51.7199 	EXP 	text: autoDraw = False
51.7199 	EXP 	text: height = 0.05
51.7199 	EXP 	text: height = 0.05
51.7199 	EXP 	text: height = 0.05
51.7199 	EXP 	text: text = 'GBP75 todayor GBP 81after146 days'
51.7199 	EXP 	fixation: autoDraw = True
52.7200 	EXP 	fixation: autoDraw = False
52.7200 	EXP 	text: autoDraw = True
52.9218 	EXP 	New trial (rep=0, index=16): {'reward_today': 53, 'future_reward': 111, 'delay': 87}
52.9308 	DATA 	Keypress: l
52.9366 	EXP 	fixation: autoDraw = False
52.9366 	EXP 	text: autoDraw = False
52.9366 	EXP 	text: height = 0.05
52.9366 	EXP 	text: height = 0.05
52.9366 	EXP 	text: height = 0.05
52.9366 	EXP 	text: text = 'GBP53 todayor GBP 111after87 days'
52.9366 	EXP 	fixation: autoDraw = True
53.9366 	EXP 	fixation: autoDraw = False
53.9366 	EXP 	text: autoDraw = True
53.9719 	EXP 	New trial (rep=0, index=17): {'reward_today': 24, 'future_reward': 111, 'delay': 82}
53.9785 	DATA 	Keypress: l
53.9866 	EXP 	fixation: autoDraw = False
53.9866 	EXP 	text: autoDraw = False
53.9866 	EXP 	text: height = 0.05
53.9866 	EXP 	text: height = 0.05
53.9866 	EXP 	text: height = 0.05
53.9866 	EXP 	text: text = 'GBP24 todayor GBP 111after82 days'
53.9866 	EXP 	fixation: autoDraw = True
54.9866 	EXP 	fixation: autoDraw = False
54.9866 	EXP 	text: autoDraw = True
55.2049 	EXP 	New trial (rep=0, index=18): {'reward_today': 63, 'future_reward': 94, 'delay': 89}
55.2113 	DATA 	Keypress: l
55.2199 	EXP 	fixation: autoDraw = False
55.2199 	EXP 	text: autoDraw = False
55.2199 	EXP 	text: height = 0.05
55.2199 	EXP 	text: height = 0.05
55.2199 	EXP 	text: height = 0.05
55.2199 	EXP 	text: text = 'GBP63 todayor GBP 94after89 days'
55.2199 	EXP 	fixation: autoDraw = True
56.2199 	EXP 	fixation: autoDraw = False
56.2199 	EXP 	text: autoDraw = True
56.2719 	EXP 	New trial (rep=0, index=19): {'reward_today': 46, 'future_reward': 103, 'delay': 98}
56.2778 	DATA 	Keypress: l
56.2866 	EXP 	fixation: autoDraw = False
56.2866 	EXP 	text: autoDraw = False
56.2866 	EXP 	text: height = 0.05
56.2866 	EXP 	text: height = 0.05
56.2866 	EXP 	text: height = 0.05
56.2866 	EXP 	text: text = 'GBP46 todayor GBP 103after98 days'
56.2866 	EXP 	fixation: autoDraw = True
57.2731 	DATA 	Keypress: t
57.2868 	EXP 	fixation: autoDraw = False
57.2868 	EXP 	text: autoDraw = True
57.8559 	EXP 	New trial (rep=0, index=20): {'reward_today': 35, 'future_reward': 119, 'delay': 44}
57.8630 	DATA 	Keypress: t
57.8699 	EXP 	fixation: autoDraw = False
57.8699 	EXP 	text: autoDraw = False
57.8699 	EXP 	text: height = 0.05
57.8699 	EXP 	text: height = 0.05
57.8699 	EXP 	text: height = 0.05
57.8699 	EXP 	text: text = 'GBP35 todayor GBP 119after44 days'
57.8699 	EXP 	fixation: autoDraw = True
58.8230 	DATA 	Keypress: t
58.8704 	EXP 	fixation: autoDraw = False
58.8704 	EXP 	text: autoDraw = True
59.8216 	EXP 	New trial (rep=0, index=21): {'reward_today': 63, 'future_reward': 103, 'delay': 147}
59.8287 	DATA 	Keypress: t
59.8366 	EXP 	fixation: autoDraw = False
59.8366 	EXP 	text: autoDraw = False
59.8366 	EXP 	text: height = 0.05
59.8366 	EXP 	text: height = 0.05
59.8366 	EXP 	text: height = 0.05
59.8366 	EXP 	text: text = 'GBP63 todayor GBP 103after147 days'
59.8366 	EXP 	fixation: autoDraw = True
60.8366 	EXP 	fixation: autoDraw = False
60.8366 	EXP 	text: autoDraw = True
61.1222 	EXP 	New trial (rep=0, index=22): {'reward_today': 13, 'future_reward': 87, 'delay': 84}
61.1313 	DATA 	Keypress: t
61.1366 	EXP 	fixation: autoDraw = False
61.1366 	EXP 	text: autoDraw = False
61.1366 	EXP 	text: height = 0.05
61.1366 	EXP 	text: height = 0.05
61.1366 	EXP 	text: height = 0.05
61.1366 	EXP 	text: text = 'GBP13 todayor GBP 87after84 days'
61.1366 	EXP 	fixation: autoDraw = True
62.1368 	EXP 	fixation: autoDraw = False
62.1368 	EXP 	text: autoDraw = True
62.4048 	EXP 	New trial (rep=0, index=23): {'reward_today': 64, 'future_reward': 102, 'delay': 109}
62.4141 	DATA 	Keypress: t
62.4201 	EXP 	fixation: autoDraw = False
62.4201 	EXP 	text: autoDraw = False
62.4201 	EXP 	text: height = 0.05
62.4201 	EXP 	text: height = 0.05
62.4201 	EXP 	text: height = 0.05
62.4201 	EXP 	text: text = 'GBP64 todayor GBP 102after109 days'
62.4201 	EXP 	fixation: autoDraw = True
63.3738 	DATA 	Keypress: t
63.4199 	EXP 	fixation: autoDraw = False
63.4199 	EXP 	text: autoDraw = True
63.8729 	EXP 	New trial (rep=0, index=24): {'reward_today': 7, 'future_reward': 99, 'delay': 40}
63.8798 	DATA 	Keypress: t
63.8865 	EXP 	fixation: autoDraw = False
63.8865 	EXP 	text: autoDraw = False
63.8865 	EXP 	text: height = 0.05
63.8865 	EXP 	text: height = 0.05
63.8865 	EXP 	text: height = 0.05
63.8865 	EXP 	text: text = 'GBP7 todayor GBP 99after40 days'
63.8865 	EXP 	fixation: autoDraw = True
64.8867 	EXP 	fixation: autoDraw = False
64.8867 	EXP 	text: autoDraw = True
64.9047 	EXP 	New trial (rep=0, index=25): {'reward_today': 53, 'future_reward': 100, 'delay': 81}
64.9135 	DATA 	Keypress: t
64.9201 	EXP 	fixation: autoDraw = False
64.9201 	EXP 	text: autoDraw = False
64.9201 	EXP 	text: height = 0.05
64.9201 	EXP 	text: height = 0.05
64.9201 	EXP 	text: height = 0.05
64.9201 	EXP 	text: text = 'GBP53 todayor GBP 100after81 days'
64.9201 	EXP 	fixation: autoDraw = True
65.9201 	EXP 	fixation: autoDraw = False
65.9201 	EXP 	text: autoDraw = True
65.9227 	DATA 	Keypress: t
66.4725 	DATA 	Keypress: t
66.4887 	EXP 	New trial (rep=0, index=26): {'reward_today': 15, 'future_reward': 35, 'delay': 13}
66.5031 	EXP 	fixation: autoDraw = False
66.5031 	EXP 	text: autoDraw = False
66.5031 	EXP 	text: height = 0.05
66.5031 	EXP 	text: height = 0.05
66.5031 	EXP 	text: height = 0.05
66.5031 	EXP 	text: text = 'GBP15 todayor GBP 35after13 days'
66.5031 	EXP 	fixation: autoDraw = True
67.5034 	EXP 	fixation: autoDraw = False
67.5034 	EXP 	text: autoDraw = True
67.5552 	EXP 	New trial (rep=0, index=27): {'reward_today': 6, 'future_reward': 101, 'delay': 46}
67.5652 	DATA 	Keypress: t
67.5697 	EXP 	fixation: autoDraw = False
67.5697 	EXP 	text: autoDraw = False
67.5697 	EXP 	text: height = 0.05
67.5697 	EXP 	text: height = 0.05
67.5697 	EXP 	text: height = 0.05
67.5697 	EXP 	text: text = 'GBP6 todayor GBP 101after46 days'
67.5697 	EXP 	fixation: autoDraw = True
68.1716 	DATA 	Keypress: t
68.5699 	EXP 	fixation: autoDraw = False
68.5699 	EXP 	text: autoDraw = True
68.9223 	EXP 	New trial (rep=0, index=28): {'reward_today': 34, 'future_reward': 115, 'delay': 49}
68.9292 	DATA 	Keypress: t
68.9364 	EXP 	fixation: autoDraw = False
68.9364 	EXP 	text: autoDraw = False
68.9364 	EXP 	text: height = 0.05
68.9364 	EXP 	text: height = 0.05
68.9364 	EXP 	text: height = 0.05
68.9364 	EXP 	text: text = 'GBP34 todayor GBP 115after49 days'
68.9364 	EXP 	fixation: autoDraw = True
69.4231 	DATA 	Keypress: t
69.9367 	EXP 	fixation: autoDraw = False
69.9367 	EXP 	text: autoDraw = True
72.3381 	EXP 	New trial (rep=0, index=29): {'reward_today': 38, 'future_reward': 125, 'delay': 85}
72.3455 	DATA 	Keypress: t
72.3533 	EXP 	fixation: autoDraw = False
72.3533 	EXP 	text: autoDraw = False
72.3533 	EXP 	text: height = 0.05
72.3533 	EXP 	text: height = 0.05
72.3533 	EXP 	text: height = 0.05
72.3533 	EXP 	text: text = 'GBP38 todayor GBP 125after85 days'
72.3533 	EXP 	fixation: autoDraw = True
73.3531 	EXP 	fixation: autoDraw = False
73.3531 	EXP 	text: autoDraw = True
73.6895 	EXP 	New trial (rep=0, index=30): {'reward_today': 58, 'future_reward': 125, 'delay': 61}
73.7030 	DATA 	Keypress: t
73.7058 	EXP 	fixation: autoDraw = False
73.7058 	EXP 	text: autoDraw = False
73.7058 	EXP 	text: height = 0.05
73.7058 	EXP 	text: height = 0.05
73.7058 	EXP 	text: height = 0.05
73.7058 	EXP 	text: text = 'GBP58 todayor GBP 125after61 days'
73.7058 	EXP 	fixation: autoDraw = True
74.7035 	EXP 	text: autoDraw = True
74.7200 	EXP 	fixation: autoDraw = False
74.7216 	EXP 	New trial (rep=0, index=31): {'reward_today': 71, 'future_reward': 106, 'delay': 100}
74.7289 	DATA 	Keypress: t
74.7366 	EXP 	fixation: autoDraw = False
74.7366 	EXP 	text: autoDraw = False
74.7366 	EXP 	text: height = 0.05
74.7366 	EXP 	text: height = 0.05
74.7366 	EXP 	text: height = 0.05
74.7366 	EXP 	text: text = 'GBP71 todayor GBP 106after100 days'
74.7366 	EXP 	fixation: autoDraw = True
75.7240 	DATA 	Keypress: t
75.7365 	EXP 	fixation: autoDraw = False
75.7365 	EXP 	text: autoDraw = True
77.1225 	EXP 	New trial (rep=0, index=32): {'reward_today': 46, 'future_reward': 97, 'delay': 98}
77.1348 	DATA 	Keypress: t
77.1377 	EXP 	fixation: autoDraw = False
77.1377 	EXP 	text: autoDraw = False
77.1377 	EXP 	text: height = 0.05
77.1377 	EXP 	text: height = 0.05
77.1377 	EXP 	text: height = 0.05
77.1377 	EXP 	text: text = 'GBP46 todayor GBP 97after98 days'
77.1377 	EXP 	fixation: autoDraw = True
78.1366 	EXP 	fixation: autoDraw = False
78.1366 	EXP 	text: autoDraw = True
78.2379 	EXP 	New trial (rep=0, index=33): {'reward_today': 38, 'future_reward': 90, 'delay': 72}
78.2450 	DATA 	Keypress: l
78.2532 	EXP 	fixation: autoDraw = False
78.2532 	EXP 	text: autoDraw = False
78.2532 	EXP 	text: height = 0.05
78.2532 	EXP 	text: height = 0.05
78.2532 	EXP 	text: height = 0.05
78.2532 	EXP 	text: text = 'GBP38 todayor GBP 90after72 days'
78.2532 	EXP 	fixation: autoDraw = True
79.2534 	EXP 	fixation: autoDraw = False
79.2534 	EXP 	text: autoDraw = True
79.2583 	DATA 	Keypress: l
79.6878 	EXP 	New trial (rep=0, index=34): {'reward_today': 80, 'future_reward': 81, 'delay': 143}
79.6971 	DATA 	Keypress: l
79.7032 	EXP 	fixation: autoDraw = False
79.7032 	EXP 	text: autoDraw = False
79.7032 	EXP 	text: height = 0.05
79.7032 	EXP 	text: height = 0.05
79.7032 	EXP 	text: height = 0.05
79.7032 	EXP 	text: text = 'GBP80 todayor GBP 81after143 days'
79.7032 	EXP 	fixation: autoDraw = True
79.9551 	DATA 	Keypress: l
80.1392 	DATA 	Keypress: l
80.3221 	DATA 	Keypress: l
80.4887 	DATA 	Keypress: l
80.6387 	DATA 	Keypress: l
80.6865 	EXP 	text: autoDraw = True
80.7032 	EXP 	fixation: autoDraw = False
80.7711 	EXP 	New trial (rep=0, index=35): {'reward_today': 49, 'future_reward': 86, 'delay': 133}
80.7770 	DATA 	Keypress: l
80.7866 	EXP 	fixation: autoDraw = False
80.7866 	EXP 	text: autoDraw = False
80.7866 	EXP 	text: height = 0.05
80.7866 	EXP 	text: height = 0.05
80.7866 	EXP 	text: height = 0.05
80.7866 	EXP 	text: text = 'GBP49 todayor GBP 86after133 days'
80.7866 	EXP 	fixation: autoDraw = True
80.9519 	DATA 	Keypress: l
81.0394 	DATA 	Keypress: l
81.1721 	DATA 	Keypress: l
81.3054 	DATA 	Keypress: l
81.4735 	DATA 	Keypress: l
81.4892 	DATA 	Keypress: bracketleft
81.7068 	DATA 	Keypress: l
81.7868 	EXP 	fixation: autoDraw = False
81.7868 	EXP 	text: autoDraw = True
81.9056 	EXP 	New trial (rep=0, index=36): {'reward_today': 28, 'future_reward': 103, 'delay': 138}
81.9190 	DATA 	Keypress: l
81.9215 	EXP 	fixation: autoDraw = False
81.9215 	EXP 	text: autoDraw = False
81.9215 	EXP 	text: height = 0.05
81.9215 	EXP 	text: height = 0.05
81.9215 	EXP 	text: height = 0.05
81.9215 	EXP 	text: text = 'GBP28 todayor GBP 103after138 days'
81.9215 	EXP 	fixation: autoDraw = True
82.0225 	DATA 	Keypress: l
82.1389 	DATA 	Keypress: l
82.2557 	DATA 	Keypress: l
82.3881 	DATA 	Keypress: l
82.5053 	DATA 	Keypress: l
82.6733 	DATA 	Keypress: l
82.9102 	DATA 	Keypress: l
82.9202 	EXP 	text: autoDraw = True
82.9364 	EXP 	fixation: autoDraw = False
83.0050 	DATA 	Keypress: l
83.0211 	EXP 	New trial (rep=0, index=37): {'reward_today': 56, 'future_reward': 129, 'delay': 130}
83.0366 	EXP 	fixation: autoDraw = False
83.0366 	EXP 	text: autoDraw = False
83.0366 	EXP 	text: height = 0.05
83.0366 	EXP 	text: height = 0.05
83.0366 	EXP 	text: height = 0.05
83.0366 	EXP 	text: text = 'GBP56 todayor GBP 129after130 days'
83.0366 	EXP 	fixation: autoDraw = True
83.2400 	DATA 	Keypress: t
83.5552 	DATA 	Keypress: t
84.0368 	EXP 	fixation: autoDraw = False
84.0368 	EXP 	text: autoDraw = True
84.1716 	EXP 	New trial (rep=0, index=38): {'reward_today': 46, 'future_reward': 89, 'delay': 97}
84.1831 	DATA 	Keypress: t
84.1867 	EXP 	fixation: autoDraw = False
84.1867 	EXP 	text: autoDraw = False
84.1867 	EXP 	text: height = 0.05
84.1867 	EXP 	text: height = 0.05
84.1867 	EXP 	text: height = 0.05
84.1867 	EXP 	text: text = 'GBP46 todayor GBP 89after97 days'
84.1867 	EXP 	fixation: autoDraw = True
84.3384 	DATA 	Keypress: l
84.4217 	DATA 	Keypress: t
84.5569 	DATA 	Keypress: l
84.6227 	DATA 	Keypress: t
84.7721 	DATA 	Keypress: l
84.8231 	DATA 	Keypress: t
84.9725 	DATA 	Keypress: t
85.0054 	DATA 	Keypress: l
85.1559 	DATA 	Keypress: t
85.1867 	EXP 	fixation: autoDraw = False
85.1867 	EXP 	text: autoDraw = True
85.2728 	EXP 	New trial (rep=0, index=39): {'reward_today': 36, 'future_reward': 126, 'delay': 47}
85.2788 	DATA 	Keypress: l
85.2866 	EXP 	fixation: autoDraw = False
85.2866 	EXP 	text: autoDraw = False
85.2866 	EXP 	text: height = 0.05
85.2866 	EXP 	text: height = 0.05
85.2866 	EXP 	text: height = 0.05
85.2866 	EXP 	text: text = 'GBP36 todayor GBP 126after47 days'
85.2866 	EXP 	fixation: autoDraw = True
85.3553 	DATA 	Keypress: t
85.5226 	DATA 	Keypress: t
85.5228 	DATA 	Keypress: l
85.6894 	DATA 	Keypress: t
85.8060 	DATA 	Keypress: l
85.9056 	DATA 	Keypress: t
86.0894 	DATA 	Keypress: l
86.1050 	DATA 	Keypress: t
86.2384 	DATA 	Keypress: l
86.2740 	DATA 	Keypress: t
86.2865 	EXP 	fixation: autoDraw = False
86.2865 	EXP 	text: autoDraw = True
86.4224 	EXP 	New trial (rep=0, index=40): {'reward_today': 32, 'future_reward': 114, 'delay': 111}
86.4347 	DATA 	Keypress: t
86.4373 	EXP 	fixation: autoDraw = False
86.4373 	EXP 	text: autoDraw = False
86.4373 	EXP 	text: height = 0.05
86.4373 	EXP 	text: height = 0.05
86.4373 	EXP 	text: height = 0.05
86.4373 	EXP 	text: text = 'GBP32 todayor GBP 114after111 days'
86.4373 	EXP 	fixation: autoDraw = True
86.4551 	DATA 	Keypress: l
86.6218 	DATA 	Keypress: t
86.6550 	DATA 	Keypress: l
86.8386 	DATA 	Keypress: t
86.9230 	DATA 	Keypress: l
87.0221 	DATA 	Keypress: t
87.1727 	DATA 	Keypress: l
87.2228 	DATA 	Keypress: t
87.4264 	DATA 	Keypress: t
87.4368 	EXP 	fixation: autoDraw = False
87.4368 	EXP 	text: autoDraw = True
87.5891 	EXP 	New trial (rep=0, index=41): {'reward_today': 11, 'future_reward': 115, 'delay': 97}
87.6042 	DATA 	Keypress: t
87.6068 	EXP 	fixation: autoDraw = False
87.6068 	EXP 	text: autoDraw = False
87.6068 	EXP 	text: height = 0.05
87.6068 	EXP 	text: height = 0.05
87.6068 	EXP 	text: height = 0.05
87.6068 	EXP 	text: text = 'GBP11 todayor GBP 115after97 days'
87.6068 	EXP 	fixation: autoDraw = True
87.8070 	DATA 	Keypress: l
88.0236 	DATA 	Keypress: t
88.2241 	DATA 	Keypress: l
88.4397 	DATA 	Keypress: l
88.5759 	DATA 	Keypress: l
88.6035 	EXP 	text: autoDraw = True
88.6201 	EXP 	fixation: autoDraw = False
88.7558 	EXP 	New trial (rep=0, index=42): {'reward_today': 77, 'future_reward': 100, 'delay': 143}
88.7684 	DATA 	Keypress: t
88.7710 	EXP 	fixation: autoDraw = False
88.7710 	EXP 	text: autoDraw = False
88.7710 	EXP 	text: height = 0.05
88.7710 	EXP 	text: height = 0.05
88.7710 	EXP 	text: height = 0.05
88.7710 	EXP 	text: text = 'GBP77 todayor GBP 100after143 days'
88.7710 	EXP 	fixation: autoDraw = True
88.8050 	DATA 	Keypress: l
88.9076 	DATA 	Keypress: t
89.0575 	DATA 	Keypress: l
89.0911 	DATA 	Keypress: t
89.2732 	DATA 	Keypress: l
89.4235 	DATA 	Keypress: t
89.5388 	DATA 	Keypress: l
89.6899 	DATA 	Keypress: t
89.7702 	EXP 	text: autoDraw = True
89.7868 	EXP 	fixation: autoDraw = False
89.8057 	EXP 	New trial (rep=0, index=43): {'reward_today': 27, 'future_reward': 50, 'delay': 21}
89.8177 	DATA 	Keypress: l
89.8205 	EXP 	fixation: autoDraw = False
89.8205 	EXP 	text: autoDraw = False
89.8205 	EXP 	text: height = 0.05
89.8205 	EXP 	text: height = 0.05
89.8205 	EXP 	text: height = 0.05
89.8205 	EXP 	text: text = 'GBP27 todayor GBP 50after21 days'
89.8205 	EXP 	fixation: autoDraw = True
89.9898 	DATA 	Keypress: l
90.1397 	DATA 	Keypress: t
90.1883 	DATA 	Keypress: l
90.3556 	DATA 	Keypress: t
90.4389 	DATA 	Keypress: l
90.5555 	DATA 	Keypress: t
90.6400 	DATA 	Keypress: l
90.7725 	DATA 	Keypress: t
90.8201 	EXP 	fixation: autoDraw = False
90.8201 	EXP 	text: autoDraw = True
90.8555 	EXP 	New trial (rep=0, index=44): {'reward_today': 39, 'future_reward': 108, 'delay': 139}
90.8659 	DATA 	Keypress: l
90.8699 	EXP 	fixation: autoDraw = False
90.8699 	EXP 	text: autoDraw = False
90.8699 	EXP 	text: height = 0.05
90.8699 	EXP 	text: height = 0.05
90.8699 	EXP 	text: height = 0.05
90.8699 	EXP 	text: text = 'GBP39 todayor GBP 108after139 days'
90.8699 	EXP 	fixation: autoDraw = True
91.0063 	DATA 	Keypress: t
91.0885 	DATA 	Keypress: l
91.1896 	DATA 	Keypress: t
91.3215 	DATA 	Keypress: l
91.3893 	DATA 	Keypress: t
91.5553 	DATA 	Keypress: l
91.6057 	DATA 	Keypress: t
91.7882 	DATA 	Keypress: t
91.8701 	EXP 	fixation: autoDraw = False
91.8701 	EXP 	text: autoDraw = True
91.9725 	EXP 	New trial (rep=0, index=45): {'reward_today': 30, 'future_reward': 101, 'delay': 68}
91.9817 	DATA 	Keypress: t
91.9866 	EXP 	fixation: autoDraw = False
91.9866 	EXP 	text: autoDraw = False
91.9866 	EXP 	text: height = 0.05
91.9866 	EXP 	text: height = 0.05
91.9866 	EXP 	text: height = 0.05
91.9866 	EXP 	text: text = 'GBP30 todayor GBP 101after68 days'
91.9866 	EXP 	fixation: autoDraw = True
92.1218 	DATA 	Keypress: t
92.1219 	DATA 	Keypress: l
92.2393 	DATA 	Keypress: t
92.2396 	DATA 	Keypress: l
92.3385 	DATA 	Keypress: t
92.3899 	DATA 	Keypress: l
92.4918 	DATA 	Keypress: l
92.4933 	DATA 	Keypress: t
92.5902 	DATA 	Keypress: t
92.6234 	DATA 	Keypress: l
92.7233 	DATA 	Keypress: t
92.7401 	DATA 	Keypress: l
92.8398 	DATA 	Keypress: t
92.8732 	DATA 	Keypress: l
92.9563 	DATA 	Keypress: t
92.9763 	DATA 	Keypress: l
92.9867 	EXP 	fixation: autoDraw = False
92.9867 	EXP 	text: autoDraw = True
93.0893 	EXP 	New trial (rep=0, index=46): {'reward_today': 37, 'future_reward': 129, 'delay': 56}
93.0962 	DATA 	Keypress: t
93.0963 	DATA 	Keypress: l
93.1034 	EXP 	fixation: autoDraw = False
93.1034 	EXP 	text: autoDraw = False
93.1034 	EXP 	text: height = 0.05
93.1034 	EXP 	text: height = 0.05
93.1034 	EXP 	text: height = 0.05
93.1034 	EXP 	text: text = 'GBP37 todayor GBP 129after56 days'
93.1034 	EXP 	fixation: autoDraw = True
93.1885 	DATA 	Keypress: t
93.2380 	DATA 	Keypress: l
93.3558 	DATA 	Keypress: l
93.4389 	DATA 	Keypress: t
93.4558 	DATA 	Keypress: l
93.5549 	DATA 	Keypress: t
93.5899 	DATA 	Keypress: l
93.6724 	DATA 	Keypress: t
93.6882 	DATA 	Keypress: l
93.7716 	DATA 	Keypress: t
93.9049 	DATA 	Keypress: t
93.9216 	DATA 	Keypress: l
94.0383 	DATA 	Keypress: t
94.0384 	DATA 	Keypress: l
94.1032 	EXP 	fixation: autoDraw = False
94.1032 	EXP 	text: autoDraw = True
94.1713 	EXP 	New trial (rep=0, index=47): {'reward_today': 11, 'future_reward': 89, 'delay': 138}
94.1782 	DATA 	Keypress: l
94.1867 	EXP 	fixation: autoDraw = False
94.1867 	EXP 	text: autoDraw = False
94.1867 	EXP 	text: height = 0.05
94.1867 	EXP 	text: height = 0.05
94.1867 	EXP 	text: height = 0.05
94.1867 	EXP 	text: text = 'GBP11 todayor GBP 89after138 days'
94.1867 	EXP 	fixation: autoDraw = True
94.1888 	DATA 	Keypress: t
94.2718 	DATA 	Keypress: t
94.2888 	DATA 	Keypress: l
94.4050 	DATA 	Keypress: t
94.4053 	DATA 	Keypress: l
94.5398 	DATA 	Keypress: t
94.5415 	DATA 	Keypress: l
94.6900 	DATA 	Keypress: t
94.8547 	DATA 	Keypress: l
94.9063 	DATA 	Keypress: t
95.0233 	DATA 	Keypress: l
95.1385 	DATA 	Keypress: t
95.1869 	EXP 	fixation: autoDraw = False
95.1869 	EXP 	text: autoDraw = True
95.2061 	DATA 	Keypress: l
95.2229 	EXP 	New trial (rep=0, index=48): {'reward_today': 58, 'future_reward': 86, 'delay': 95}
95.2365 	EXP 	fixation: autoDraw = False
95.2365 	EXP 	text: autoDraw = False
95.2365 	EXP 	text: height = 0.05
95.2365 	EXP 	text: height = 0.05
95.2365 	EXP 	text: height = 0.05
95.2365 	EXP 	text: text = 'GBP58 todayor GBP 86after95 days'
95.2365 	EXP 	fixation: autoDraw = True
95.3225 	DATA 	Keypress: t
95.4885 	DATA 	Keypress: t
95.5055 	DATA 	Keypress: l
95.8224 	DATA 	Keypress: t
96.0214 	DATA 	Keypress: l
96.1552 	DATA 	Keypress: t
96.2263 	DATA 	Keypress: l
96.2366 	EXP 	fixation: autoDraw = False
96.2366 	EXP 	text: autoDraw = True
96.3390 	EXP 	New trial (rep=0, index=49): {'reward_today': 24, 'future_reward': 99, 'delay': 63}
96.3452 	DATA 	Keypress: t
96.3531 	EXP 	fixation: autoDraw = False
96.3531 	EXP 	text: autoDraw = False
96.3531 	EXP 	text: height = 0.05
96.3531 	EXP 	text: height = 0.05
96.3531 	EXP 	text: height = 0.05
96.3531 	EXP 	text: text = 'GBP24 todayor GBP 99after63 days'
96.3531 	EXP 	fixation: autoDraw = True
96.3886 	DATA 	Keypress: l
96.5568 	DATA 	Keypress: t
96.5916 	DATA 	Keypress: l
96.7558 	DATA 	Keypress: t
96.8243 	DATA 	Keypress: l
96.9393 	DATA 	Keypress: t
96.9891 	DATA 	Keypress: l
97.1223 	DATA 	Keypress: t
97.1558 	DATA 	Keypress: l
97.3234 	DATA 	Keypress: t
97.3533 	EXP 	fixation: autoDraw = False
97.3533 	EXP 	text: autoDraw = True
97.3877 	EXP 	New trial (rep=0, index=50): {'reward_today': 28, 'future_reward': 102, 'delay': 76}
97.3936 	DATA 	Keypress: l
97.4032 	EXP 	fixation: autoDraw = False
97.4032 	EXP 	text: autoDraw = False
97.4032 	EXP 	text: height = 0.05
97.4032 	EXP 	text: height = 0.05
97.4032 	EXP 	text: height = 0.05
97.4032 	EXP 	text: text = 'GBP28 todayor GBP 102after76 days'
97.4032 	EXP 	fixation: autoDraw = True
97.5055 	DATA 	Keypress: t
97.6219 	DATA 	Keypress: l
97.7048 	DATA 	Keypress: t
97.8887 	DATA 	Keypress: l
97.9223 	DATA 	Keypress: t
98.1067 	DATA 	Keypress: l
98.1727 	DATA 	Keypress: t
98.3399 	DATA 	Keypress: l
98.3867 	EXP 	text: autoDraw = True
98.3891 	DATA 	Keypress: t
98.4034 	EXP 	fixation: autoDraw = False
98.5386 	EXP 	New trial (rep=0, index=51): {'reward_today': 49, 'future_reward': 60, 'delay': 89}
98.5440 	DATA 	Keypress: l
98.5673 	EXP 	fixation: autoDraw = False
98.5673 	EXP 	text: autoDraw = False
98.5673 	EXP 	text: height = 0.05
98.5673 	EXP 	text: height = 0.05
98.5673 	EXP 	text: height = 0.05
98.5673 	EXP 	text: text = 'GBP49 todayor GBP 60after89 days'
98.5673 	EXP 	fixation: autoDraw = True
98.6227 	DATA 	Keypress: t
98.7554 	DATA 	Keypress: t
98.9224 	DATA 	Keypress: l
99.0552 	DATA 	Keypress: t
99.1719 	DATA 	Keypress: l
99.3390 	DATA 	Keypress: l
99.4226 	DATA 	Keypress: t
99.5534 	EXP 	text: autoDraw = True
99.5700 	EXP 	fixation: autoDraw = False
99.5713 	EXP 	New trial (rep=0, index=52): {'reward_today': 20, 'future_reward': 110, 'delay': 130}
99.5771 	DATA 	Keypress: l
99.5866 	EXP 	fixation: autoDraw = False
99.5866 	EXP 	text: autoDraw = False
99.5866 	EXP 	text: height = 0.05
99.5866 	EXP 	text: height = 0.05
99.5866 	EXP 	text: height = 0.05
99.5866 	EXP 	text: text = 'GBP20 todayor GBP 110after130 days'
99.5866 	EXP 	fixation: autoDraw = True
99.6908 	DATA 	Keypress: t
99.7885 	DATA 	Keypress: l
99.8566 	DATA 	Keypress: t
100.0059 	DATA 	Keypress: l
100.0905 	DATA 	Keypress: t
100.2257 	DATA 	Keypress: l
100.2714 	DATA 	Keypress: t
100.4228 	DATA 	Keypress: l
100.5554 	DATA 	Keypress: t
100.5866 	EXP 	fixation: autoDraw = False
100.5866 	EXP 	text: autoDraw = True
100.6734 	EXP 	New trial (rep=0, index=53): {'reward_today': 11, 'future_reward': 30, 'delay': 7}
100.6830 	DATA 	Keypress: l
100.6867 	EXP 	fixation: autoDraw = False
100.6867 	EXP 	text: autoDraw = False
100.6867 	EXP 	text: height = 0.05
100.6867 	EXP 	text: height = 0.05
100.6867 	EXP 	text: height = 0.05
100.6867 	EXP 	text: text = 'GBP11 todayor GBP 30after7 days'
100.6867 	EXP 	fixation: autoDraw = True
100.7567 	DATA 	Keypress: t
100.8724 	DATA 	Keypress: l
100.9889 	DATA 	Keypress: t
101.1066 	DATA 	Keypress: l
101.1898 	DATA 	Keypress: t
101.2715 	DATA 	Keypress: l
101.3885 	DATA 	Keypress: l
101.5218 	DATA 	Keypress: l
101.6409 	DATA 	Keypress: l
101.6866 	EXP 	fixation: autoDraw = False
101.6866 	EXP 	text: autoDraw = True
101.7712 	EXP 	New trial (rep=0, index=54): {'reward_today': 40, 'future_reward': 117, 'delay': 125}
101.7770 	DATA 	Keypress: l
101.7867 	EXP 	fixation: autoDraw = False
101.7867 	EXP 	text: autoDraw = False
101.7867 	EXP 	text: height = 0.05
101.7867 	EXP 	text: height = 0.05
101.7867 	EXP 	text: height = 0.05
101.7867 	EXP 	text: text = 'GBP40 todayor GBP 117after125 days'
101.7867 	EXP 	fixation: autoDraw = True
102.0067 	DATA 	Keypress: l
102.1556 	DATA 	Keypress: l
102.2721 	DATA 	Keypress: l
102.3724 	DATA 	Keypress: l
102.5223 	DATA 	Keypress: l
102.6381 	DATA 	Keypress: l
102.7701 	EXP 	text: autoDraw = True
102.7741 	DATA 	Keypress: t
102.7744 	DATA 	Keypress: l
102.7867 	EXP 	fixation: autoDraw = False
102.9375 	EXP 	New trial (rep=0, index=55): {'reward_today': 65, 'future_reward': 99, 'delay': 129}
102.9423 	DATA 	Keypress: t
102.9533 	EXP 	fixation: autoDraw = False
102.9533 	EXP 	text: autoDraw = False
102.9533 	EXP 	text: height = 0.05
102.9533 	EXP 	text: height = 0.05
102.9533 	EXP 	text: height = 0.05
102.9533 	EXP 	text: text = 'GBP65 todayor GBP 99after129 days'
102.9533 	EXP 	fixation: autoDraw = True
103.0903 	DATA 	Keypress: t
103.2386 	DATA 	Keypress: t
103.3900 	DATA 	Keypress: t
103.6570 	DATA 	Keypress: t
103.8069 	DATA 	Keypress: t
103.9279 	DATA 	Keypress: t
103.9369 	EXP 	text: autoDraw = True
103.9533 	EXP 	fixation: autoDraw = False
104.0560 	EXP 	New trial (rep=0, index=56): {'reward_today': 64, 'future_reward': 104, 'delay': 74}
104.0693 	DATA 	Keypress: t
104.0720 	EXP 	fixation: autoDraw = False
104.0720 	EXP 	text: autoDraw = False
104.0720 	EXP 	text: height = 0.05
104.0720 	EXP 	text: height = 0.05
104.0720 	EXP 	text: height = 0.05
104.0720 	EXP 	text: text = 'GBP64 todayor GBP 104after74 days'
104.0720 	EXP 	fixation: autoDraw = True
104.3746 	DATA 	Keypress: t
104.3904 	DATA 	Keypress: l
104.5253 	DATA 	Keypress: l
104.6892 	DATA 	Keypress: l
104.6894 	DATA 	Keypress: t
104.8564 	DATA 	Keypress: l
105.0068 	DATA 	Keypress: t
105.0702 	EXP 	text: autoDraw = True
105.0873 	EXP 	fixation: autoDraw = False
105.1395 	EXP 	New trial (rep=0, index=57): {'reward_today': 28, 'future_reward': 86, 'delay': 67}
105.1526 	DATA 	Keypress: l
105.1551 	EXP 	fixation: autoDraw = False
105.1551 	EXP 	text: autoDraw = False
105.1551 	EXP 	text: height = 0.05
105.1551 	EXP 	text: height = 0.05
105.1551 	EXP 	text: height = 0.05
105.1551 	EXP 	text: text = 'GBP28 todayor GBP 86after67 days'
105.1551 	EXP 	fixation: autoDraw = True
105.2403 	DATA 	Keypress: t
105.3904 	DATA 	Keypress: l
105.5063 	DATA 	Keypress: t
105.6225 	DATA 	Keypress: l
105.7394 	DATA 	Keypress: t
105.8718 	DATA 	Keypress: l
105.9571 	DATA 	Keypress: t
106.1057 	DATA 	Keypress: l
106.1228 	DATA 	Keypress: t
106.1534 	EXP 	text: autoDraw = True
106.1699 	EXP 	fixation: autoDraw = False
106.3382 	EXP 	New trial (rep=0, index=58): {'reward_today': 73, 'future_reward': 111, 'delay': 127}
106.3460 	DATA 	Keypress: t
106.3461 	DATA 	Keypress: l
106.3531 	EXP 	fixation: autoDraw = False
106.3531 	EXP 	text: autoDraw = False
106.3531 	EXP 	text: height = 0.05
106.3531 	EXP 	text: height = 0.05
106.3531 	EXP 	text: height = 0.05
106.3531 	EXP 	text: text = 'GBP73 todayor GBP 111after127 days'
106.3531 	EXP 	fixation: autoDraw = True
106.5639 	DATA 	Keypress: l
106.6385 	DATA 	Keypress: t
106.7887 	DATA 	Keypress: l
106.8726 	DATA 	Keypress: t
107.0216 	DATA 	Keypress: l
107.1398 	DATA 	Keypress: t
107.2732 	DATA 	Keypress: l
107.3532 	EXP 	fixation: autoDraw = False
107.3532 	EXP 	text: autoDraw = True
107.3884 	EXP 	New trial (rep=0, index=59): {'reward_today': 53, 'future_reward': 114, 'delay': 58}
107.3965 	DATA 	Keypress: t
107.4032 	EXP 	fixation: autoDraw = False
107.4032 	EXP 	text: autoDraw = False
107.4032 	EXP 	text: height = 0.05
107.4032 	EXP 	text: height = 0.05
107.4032 	EXP 	text: height = 0.05
107.4032 	EXP 	text: text = 'GBP53 todayor GBP 114after58 days'
107.4032 	EXP 	fixation: autoDraw = True
107.5897 	DATA 	Keypress: t
107.7723 	DATA 	Keypress: t
107.9384 	DATA 	Keypress: t
108.1064 	DATA 	Keypress: t
108.2387 	DATA 	Keypress: t
108.3919 	DATA 	Keypress: t
108.4031 	EXP 	fixation: autoDraw = False
108.4031 	EXP 	text: autoDraw = True
108.6077 	DATA 	Keypress: t
108.6213 	EXP 	New trial (rep=0, index=60): {'reward_today': 72, 'future_reward': 111, 'delay': 95}
108.6366 	EXP 	fixation: autoDraw = False
108.6366 	EXP 	text: autoDraw = False
108.6366 	EXP 	text: height = 0.05
108.6366 	EXP 	text: height = 0.05
108.6366 	EXP 	text: height = 0.05
108.6366 	EXP 	text: text = 'GBP72 todayor GBP 111after95 days'
108.6366 	EXP 	fixation: autoDraw = True
108.9239 	DATA 	Keypress: t
109.1387 	DATA 	Keypress: t
109.3052 	DATA 	Keypress: t
109.5552 	DATA 	Keypress: l
109.6367 	EXP 	fixation: autoDraw = False
109.6367 	EXP 	text: autoDraw = True
109.7387 	EXP 	New trial (rep=0, index=61): {'reward_today': 28, 'future_reward': 104, 'delay': 60}
109.7502 	DATA 	Keypress: l
109.7531 	EXP 	fixation: autoDraw = False
109.7531 	EXP 	text: autoDraw = False
109.7531 	EXP 	text: height = 0.05
109.7531 	EXP 	text: height = 0.05
109.7531 	EXP 	text: height = 0.05
109.7531 	EXP 	text: text = 'GBP28 todayor GBP 104after60 days'
109.7531 	EXP 	fixation: autoDraw = True
109.8891 	DATA 	Keypress: l
110.0548 	DATA 	Keypress: l
110.2549 	DATA 	Keypress: l
110.4393 	DATA 	Keypress: l
110.7533 	EXP 	fixation: autoDraw = False
110.7533 	EXP 	text: autoDraw = True
110.7884 	EXP 	New trial (rep=0, index=62): {'reward_today': 7, 'future_reward': 130, 'delay': 95}
110.7948 	DATA 	Keypress: l
110.8033 	EXP 	fixation: autoDraw = False
110.8033 	EXP 	text: autoDraw = False
110.8033 	EXP 	text: height = 0.05
110.8033 	EXP 	text: height = 0.05
110.8033 	EXP 	text: height = 0.05
110.8033 	EXP 	text: text = 'GBP7 todayor GBP 130after95 days'
110.8033 	EXP 	fixation: autoDraw = True
110.9397 	DATA 	Keypress: l
111.1225 	DATA 	Keypress: l
111.3064 	DATA 	Keypress: l
111.4896 	DATA 	Keypress: l
111.6888 	DATA 	Keypress: l
111.8033 	EXP 	fixation: autoDraw = False
111.8033 	EXP 	text: autoDraw = True
111.9052 	EXP 	New trial (rep=0, index=63): {'reward_today': 45, 'future_reward': 91, 'delay': 119}
111.9113 	DATA 	Keypress: l
111.9200 	EXP 	fixation: autoDraw = False
111.9200 	EXP 	text: autoDraw = False
111.9200 	EXP 	text: height = 0.05
111.9200 	EXP 	text: height = 0.05
111.9200 	EXP 	text: height = 0.05
111.9200 	EXP 	text: text = 'GBP45 todayor GBP 91after119 days'
111.9200 	EXP 	fixation: autoDraw = True
112.0382 	DATA 	Keypress: l
112.1884 	DATA 	Keypress: t
112.3564 	DATA 	Keypress: t
112.5218 	DATA 	Keypress: t
112.6389 	DATA 	Keypress: t
112.9074 	DATA 	Keypress: t
112.9200 	EXP 	fixation: autoDraw = False
112.9200 	EXP 	text: autoDraw = True
113.0718 	EXP 	New trial (rep=0, index=64): {'reward_today': 49, 'future_reward': 83, 'delay': 99}
113.0814 	DATA 	Keypress: t
113.0866 	EXP 	fixation: autoDraw = False
113.0866 	EXP 	text: autoDraw = False
113.0866 	EXP 	text: height = 0.05
113.0866 	EXP 	text: height = 0.05
113.0866 	EXP 	text: height = 0.05
113.0866 	EXP 	text: text = 'GBP49 todayor GBP 83after99 days'
113.0866 	EXP 	fixation: autoDraw = True
113.2386 	DATA 	Keypress: t
113.3382 	DATA 	Keypress: l
113.4554 	DATA 	Keypress: t
113.5222 	DATA 	Keypress: l
113.6556 	DATA 	Keypress: t
113.8731 	DATA 	Keypress: t
114.0556 	DATA 	Keypress: t
114.0867 	EXP 	fixation: autoDraw = False
114.0867 	EXP 	text: autoDraw = True
114.2052 	EXP 	New trial (rep=0, index=65): {'reward_today': 28, 'future_reward': 104, 'delay': 42}
114.2172 	DATA 	Keypress: l
114.2216 	EXP 	fixation: autoDraw = False
114.2216 	EXP 	text: autoDraw = False
114.2216 	EXP 	text: height = 0.05
114.2216 	EXP 	text: height = 0.05
114.2216 	EXP 	text: height = 0.05
114.2216 	EXP 	text: text = 'GBP28 todayor GBP 104after42 days'
114.2216 	EXP 	fixation: autoDraw = True
114.4406 	DATA 	Keypress: t
114.6386 	DATA 	Keypress: l
114.7401 	DATA 	Keypress: t
114.8730 	DATA 	Keypress: l
114.9892 	DATA 	Keypress: t
115.1393 	DATA 	Keypress: l
115.2079 	DATA 	Keypress: t
115.2202 	EXP 	text: autoDraw = True
115.2366 	EXP 	fixation: autoDraw = False
115.3555 	EXP 	New trial (rep=0, index=66): {'reward_today': 40, 'future_reward': 55, 'delay': 62}
115.3677 	DATA 	Keypress: t
115.3705 	EXP 	fixation: autoDraw = False
115.3705 	EXP 	text: autoDraw = False
115.3705 	EXP 	text: height = 0.05
115.3705 	EXP 	text: height = 0.05
115.3705 	EXP 	text: height = 0.05
115.3705 	EXP 	text: text = 'GBP40 todayor GBP 55after62 days'
115.3705 	EXP 	fixation: autoDraw = True
115.4232 	DATA 	Keypress: l
115.5726 	DATA 	Keypress: t
115.7063 	DATA 	Keypress: l
115.7887 	DATA 	Keypress: t
115.9552 	DATA 	Keypress: l
116.0886 	DATA 	Keypress: l
116.2402 	DATA 	Keypress: l
116.3566 	DATA 	Keypress: l
116.3699 	EXP 	fixation: autoDraw = False
116.3699 	EXP 	text: autoDraw = True
116.4879 	EXP 	New trial (rep=0, index=67): {'reward_today': 16, 'future_reward': 110, 'delay': 45}
116.4946 	DATA 	Keypress: l
116.5033 	EXP 	fixation: autoDraw = False
116.5033 	EXP 	text: autoDraw = False
116.5033 	EXP 	text: height = 0.05
116.5033 	EXP 	text: height = 0.05
116.5033 	EXP 	text: height = 0.05
116.5033 	EXP 	text: text = 'GBP16 todayor GBP 110after45 days'
116.5033 	EXP 	fixation: autoDraw = True
116.5891 	DATA 	Keypress: l
116.7392 	DATA 	Keypress: l
116.8901 	DATA 	Keypress: l
117.0062 	DATA 	Keypress: l
117.1384 	DATA 	Keypress: l
117.2895 	DATA 	Keypress: l
117.3722 	DATA 	Keypress: l
117.5035 	EXP 	fixation: autoDraw = False
117.5035 	EXP 	text: autoDraw = True
117.5073 	DATA 	Keypress: l
117.6548 	EXP 	New trial (rep=0, index=68): {'reward_today': 42, 'future_reward': 93, 'delay': 40}
117.6627 	DATA 	Keypress: l
117.6699 	EXP 	fixation: autoDraw = False
117.6699 	EXP 	text: autoDraw = False
117.6699 	EXP 	text: height = 0.05
117.6699 	EXP 	text: height = 0.05
117.6699 	EXP 	text: height = 0.05
117.6699 	EXP 	text: text = 'GBP42 todayor GBP 93after40 days'
117.6699 	EXP 	fixation: autoDraw = True
117.7890 	DATA 	Keypress: l
117.9055 	DATA 	Keypress: l
118.0224 	DATA 	Keypress: l
118.1721 	DATA 	Keypress: l
118.4047 	DATA 	Keypress: l
118.5391 	DATA 	Keypress: l
118.6702 	EXP 	fixation: autoDraw = False
118.6702 	EXP 	text: autoDraw = True
118.7051 	EXP 	New trial (rep=0, index=69): {'reward_today': 67, 'future_reward': 75, 'delay': 119}
118.7142 	DATA 	Keypress: l
118.7199 	EXP 	fixation: autoDraw = False
118.7199 	EXP 	text: autoDraw = False
118.7199 	EXP 	text: height = 0.05
118.7199 	EXP 	text: height = 0.05
118.7199 	EXP 	text: height = 0.05
118.7199 	EXP 	text: text = 'GBP67 todayor GBP 75after119 days'
118.7199 	EXP 	fixation: autoDraw = True
118.9567 	DATA 	Keypress: l
119.1066 	DATA 	Keypress: l
119.2722 	DATA 	Keypress: t
119.4223 	DATA 	Keypress: t
119.5721 	DATA 	Keypress: t
119.7204 	EXP 	fixation: autoDraw = False
119.7204 	EXP 	text: autoDraw = True
119.7383 	EXP 	New trial (rep=0, index=70): {'reward_today': 8, 'future_reward': 99, 'delay': 103}
119.7467 	DATA 	Keypress: t
119.7533 	EXP 	fixation: autoDraw = False
119.7533 	EXP 	text: autoDraw = False
119.7533 	EXP 	text: height = 0.05
119.7533 	EXP 	text: height = 0.05
119.7533 	EXP 	text: height = 0.05
119.7533 	EXP 	text: text = 'GBP8 todayor GBP 99after103 days'
119.7533 	EXP 	fixation: autoDraw = True
119.9064 	DATA 	Keypress: t
120.0884 	DATA 	Keypress: t
120.2904 	DATA 	Keypress: t
120.4386 	DATA 	Keypress: t
120.6217 	DATA 	Keypress: t
120.7531 	EXP 	fixation: autoDraw = False
120.7531 	EXP 	text: autoDraw = True
120.8047 	EXP 	New trial (rep=0, index=71): {'reward_today': 40, 'future_reward': 93, 'delay': 60}
120.8132 	DATA 	Keypress: t
120.8201 	EXP 	fixation: autoDraw = False
120.8201 	EXP 	text: autoDraw = False
120.8201 	EXP 	text: height = 0.05
120.8201 	EXP 	text: height = 0.05
120.8201 	EXP 	text: height = 0.05
120.8201 	EXP 	text: text = 'GBP40 todayor GBP 93after60 days'
120.8201 	EXP 	fixation: autoDraw = True
120.9731 	DATA 	Keypress: t
121.3225 	DATA 	Keypress: t
121.7564 	DATA 	Keypress: t
121.8204 	EXP 	fixation: autoDraw = False
121.8204 	EXP 	text: autoDraw = True
122.0048 	EXP 	New trial (rep=0, index=72): {'reward_today': 3, 'future_reward': 93, 'delay': 78}
122.0126 	DATA 	Keypress: t
122.0200 	EXP 	fixation: autoDraw = False
122.0200 	EXP 	text: autoDraw = False
122.0200 	EXP 	text: height = 0.05
122.0200 	EXP 	text: height = 0.05
122.0200 	EXP 	text: height = 0.05
122.0200 	EXP 	text: text = 'GBP3 todayor GBP 93after78 days'
122.0200 	EXP 	fixation: autoDraw = True
122.1722 	DATA 	Keypress: t
122.2905 	DATA 	Keypress: t
122.4558 	DATA 	Keypress: t
123.0202 	EXP 	fixation: autoDraw = False
123.0202 	EXP 	text: autoDraw = True
123.1895 	EXP 	New trial (rep=0, index=73): {'reward_today': 26, 'future_reward': 91, 'delay': 109}
123.2024 	DATA 	Keypress: l
123.2051 	EXP 	fixation: autoDraw = False
123.2051 	EXP 	text: autoDraw = False
123.2051 	EXP 	text: height = 0.05
123.2051 	EXP 	text: height = 0.05
123.2051 	EXP 	text: height = 0.05
123.2051 	EXP 	text: text = 'GBP26 todayor GBP 91after109 days'
123.2051 	EXP 	fixation: autoDraw = True
123.3235 	DATA 	Keypress: l
123.5053 	DATA 	Keypress: l
123.6561 	DATA 	Keypress: l
123.8236 	DATA 	Keypress: l
123.9730 	DATA 	Keypress: l
124.1722 	DATA 	Keypress: l
124.2034 	EXP 	text: autoDraw = True
124.2200 	EXP 	fixation: autoDraw = False
124.3728 	EXP 	New trial (rep=0, index=74): {'reward_today': 79, 'future_reward': 100, 'delay': 67}
124.3878 	DATA 	Keypress: l
124.3904 	EXP 	fixation: autoDraw = False
124.3904 	EXP 	text: autoDraw = False
124.3904 	EXP 	text: height = 0.05
124.3904 	EXP 	text: height = 0.05
124.3904 	EXP 	text: height = 0.05
124.3904 	EXP 	text: text = 'GBP79 todayor GBP 100after67 days'
124.3904 	EXP 	fixation: autoDraw = True
124.5896 	DATA 	Keypress: l
124.7391 	DATA 	Keypress: t
124.9230 	DATA 	Keypress: t
125.0720 	DATA 	Keypress: t
125.2389 	DATA 	Keypress: t
125.3868 	EXP 	text: autoDraw = True
125.4031 	EXP 	fixation: autoDraw = False
125.4214 	EXP 	New trial (rep=0, index=75): {'reward_today': 2, 'future_reward': 106, 'delay': 85}
125.4269 	DATA 	Keypress: t
125.4363 	EXP 	fixation: autoDraw = False
125.4363 	EXP 	text: autoDraw = False
125.4363 	EXP 	text: height = 0.05
125.4363 	EXP 	text: height = 0.05
125.4363 	EXP 	text: height = 0.05
125.4363 	EXP 	text: text = 'GBP2 todayor GBP 106after85 days'
125.4363 	EXP 	fixation: autoDraw = True
125.5397 	DATA 	Keypress: t
125.8396 	DATA 	Keypress: t
126.0727 	DATA 	Keypress: t
126.2388 	DATA 	Keypress: l
126.3886 	DATA 	Keypress: t
126.4367 	EXP 	fixation: autoDraw = False
126.4367 	EXP 	text: autoDraw = True
126.4719 	EXP 	New trial (rep=0, index=76): {'reward_today': 55, 'future_reward': 112, 'delay': 131}
126.4832 	DATA 	Keypress: l
126.4869 	EXP 	fixation: autoDraw = False
126.4869 	EXP 	text: autoDraw = False
126.4869 	EXP 	text: height = 0.05
126.4869 	EXP 	text: height = 0.05
126.4869 	EXP 	text: height = 0.05
126.4869 	EXP 	text: text = 'GBP55 todayor GBP 112after131 days'
126.4869 	EXP 	fixation: autoDraw = True
126.6554 	DATA 	Keypress: t
126.7397 	DATA 	Keypress: l
126.8399 	DATA 	Keypress: t
127.0233 	DATA 	Keypress: l
127.0238 	DATA 	Keypress: t
127.2564 	DATA 	Keypress: t
127.2735 	DATA 	Keypress: l
127.4865 	EXP 	fixation: autoDraw = False
127.4865 	EXP 	text: autoDraw = True
127.4888 	DATA 	Keypress: l
127.7050 	EXP 	New trial (rep=0, index=77): {'reward_today': 13, 'future_reward': 104, 'delay': 52}
127.7140 	DATA 	Keypress: l
127.7199 	EXP 	fixation: autoDraw = False
127.7199 	EXP 	text: autoDraw = False
127.7199 	EXP 	text: height = 0.05
127.7199 	EXP 	text: height = 0.05
127.7199 	EXP 	text: height = 0.05
127.7199 	EXP 	text: text = 'GBP13 todayor GBP 104after52 days'
127.7199 	EXP 	fixation: autoDraw = True
127.8730 	DATA 	Keypress: l
127.8885 	DATA 	Keypress: t
128.0890 	DATA 	Keypress: l
128.2062 	DATA 	Keypress: t
128.3221 	DATA 	Keypress: l
128.3896 	DATA 	Keypress: t
128.5899 	DATA 	Keypress: l
128.7201 	EXP 	fixation: autoDraw = False
128.7201 	EXP 	text: autoDraw = True
128.8226 	EXP 	New trial (rep=0, index=78): {'reward_today': 57, 'future_reward': 96, 'delay': 90}
128.8353 	DATA 	Keypress: l
128.8385 	EXP 	fixation: autoDraw = False
128.8385 	EXP 	text: autoDraw = False
128.8385 	EXP 	text: height = 0.05
128.8385 	EXP 	text: height = 0.05
128.8385 	EXP 	text: height = 0.05
128.8385 	EXP 	text: text = 'GBP57 todayor GBP 96after90 days'
128.8385 	EXP 	fixation: autoDraw = True
128.9567 	DATA 	Keypress: t
129.0903 	DATA 	Keypress: l
129.2075 	DATA 	Keypress: t
129.4550 	DATA 	Keypress: t
129.7380 	DATA 	Keypress: t
129.8367 	EXP 	text: autoDraw = True
129.8533 	EXP 	fixation: autoDraw = False
129.9070 	DATA 	Keypress: l
129.9213 	EXP 	New trial (rep=0, index=79): {'reward_today': 22, 'future_reward': 107, 'delay': 119}
129.9366 	EXP 	fixation: autoDraw = False
129.9366 	EXP 	text: autoDraw = False
129.9366 	EXP 	text: height = 0.05
129.9366 	EXP 	text: height = 0.05
129.9366 	EXP 	text: height = 0.05
129.9366 	EXP 	text: text = 'GBP22 todayor GBP 107after119 days'
129.9366 	EXP 	fixation: autoDraw = True
129.9729 	DATA 	Keypress: t
130.2406 	DATA 	Keypress: t
130.4896 	DATA 	Keypress: t
130.7400 	DATA 	Keypress: t
130.9052 	DATA 	Keypress: t
130.9367 	EXP 	fixation: autoDraw = False
130.9367 	EXP 	text: autoDraw = True
131.0876 	EXP 	New trial (rep=0, index=80): {'reward_today': 2, 'future_reward': 110, 'delay': 106}
131.0936 	DATA 	Keypress: t
131.1033 	EXP 	fixation: autoDraw = False
131.1033 	EXP 	text: autoDraw = False
131.1033 	EXP 	text: height = 0.05
131.1033 	EXP 	text: height = 0.05
131.1033 	EXP 	text: height = 0.05
131.1033 	EXP 	text: text = 'GBP2 todayor GBP 110after106 days'
131.1033 	EXP 	fixation: autoDraw = True
131.3053 	DATA 	Keypress: t
131.4735 	DATA 	Keypress: l
131.6559 	DATA 	Keypress: t
132.1035 	EXP 	fixation: autoDraw = False
132.1035 	EXP 	text: autoDraw = True
132.1731 	DATA 	Keypress: l
132.1885 	EXP 	New trial (rep=0, index=81): {'reward_today': 47, 'future_reward': 128, 'delay': 46}
132.2033 	EXP 	fixation: autoDraw = False
132.2033 	EXP 	text: autoDraw = False
132.2033 	EXP 	text: height = 0.05
132.2033 	EXP 	text: height = 0.05
132.2033 	EXP 	text: height = 0.05
132.2033 	EXP 	text: text = 'GBP47 todayor GBP 128after46 days'
132.2033 	EXP 	fixation: autoDraw = True
132.3885 	DATA 	Keypress: l
132.5572 	DATA 	Keypress: l
132.7387 	DATA 	Keypress: l
132.8392 	DATA 	Keypress: l
132.9714 	DATA 	Keypress: l
133.1394 	DATA 	Keypress: l
133.2032 	EXP 	fixation: autoDraw = False
133.2032 	EXP 	text: autoDraw = True
133.3891 	EXP 	New trial (rep=0, index=82): {'reward_today': 5, 'future_reward': 109, 'delay': 99}
133.3999 	DATA 	Keypress: l
133.4033 	EXP 	fixation: autoDraw = False
133.4033 	EXP 	text: autoDraw = False
133.4033 	EXP 	text: height = 0.05
133.4033 	EXP 	text: height = 0.05
133.4033 	EXP 	text: height = 0.05
133.4033 	EXP 	text: text = 'GBP5 todayor GBP 109after99 days'
133.4033 	EXP 	fixation: autoDraw = True
133.5057 	DATA 	Keypress: t
133.6404 	DATA 	Keypress: t
133.8053 	DATA 	Keypress: t
133.9385 	DATA 	Keypress: t
134.1065 	DATA 	Keypress: t
134.2548 	DATA 	Keypress: t
134.4034 	EXP 	fixation: autoDraw = False
134.4034 	EXP 	text: autoDraw = True
134.4223 	EXP 	New trial (rep=0, index=83): {'reward_today': 29, 'future_reward': 98, 'delay': 40}
134.4345 	DATA 	Keypress: t
134.4370 	EXP 	fixation: autoDraw = False
134.4370 	EXP 	text: autoDraw = False
134.4370 	EXP 	text: height = 0.05
134.4370 	EXP 	text: height = 0.05
134.4370 	EXP 	text: height = 0.05
134.4370 	EXP 	text: text = 'GBP29 todayor GBP 98after40 days'
134.4370 	EXP 	fixation: autoDraw = True
134.5049 	DATA 	Keypress: t
134.9726 	DATA 	Keypress: t
135.4366 	EXP 	fixation: autoDraw = False
135.4366 	EXP 	text: autoDraw = True
135.7223 	EXP 	New trial (rep=0, index=84): {'reward_today': 61, 'future_reward': 100, 'delay': 77}
135.7338 	DATA 	Keypress: l
135.7366 	EXP 	fixation: autoDraw = False
135.7366 	EXP 	text: autoDraw = False
135.7366 	EXP 	text: height = 0.05
135.7366 	EXP 	text: height = 0.05
135.7366 	EXP 	text: height = 0.05
135.7366 	EXP 	text: text = 'GBP61 todayor GBP 100after77 days'
135.7366 	EXP 	fixation: autoDraw = True
136.6221 	DATA 	Keypress: l
136.7367 	EXP 	fixation: autoDraw = False
136.7367 	EXP 	text: autoDraw = True
137.0553 	EXP 	New trial (rep=0, index=85): {'reward_today': 68, 'future_reward': 128, 'delay': 83}
137.0638 	DATA 	Keypress: t
137.0700 	EXP 	fixation: autoDraw = False
137.0700 	EXP 	text: autoDraw = False
137.0700 	EXP 	text: height = 0.05
137.0700 	EXP 	text: height = 0.05
137.0700 	EXP 	text: height = 0.05
137.0700 	EXP 	text: text = 'GBP68 todayor GBP 128after83 days'
137.0700 	EXP 	fixation: autoDraw = True
137.3230 	DATA 	Keypress: l
137.3740 	DATA 	Keypress: t
137.5565 	DATA 	Keypress: t
137.5731 	DATA 	Keypress: l
137.7552 	DATA 	Keypress: t
137.8223 	DATA 	Keypress: l
138.0239 	DATA 	Keypress: t
138.0702 	EXP 	fixation: autoDraw = False
138.0702 	EXP 	text: autoDraw = True
138.1393 	EXP 	New trial (rep=0, index=86): {'reward_today': 20, 'future_reward': 121, 'delay': 40}
138.1510 	DATA 	Keypress: l
138.1533 	EXP 	fixation: autoDraw = False
138.1533 	EXP 	text: autoDraw = False
138.1533 	EXP 	text: height = 0.05
138.1533 	EXP 	text: height = 0.05
138.1533 	EXP 	text: height = 0.05
138.1533 	EXP 	text: text = 'GBP20 todayor GBP 121after40 days'
138.1533 	EXP 	fixation: autoDraw = True
138.3898 	DATA 	Keypress: l
138.6448 	DATA 	Keypress: t
138.9561 	DATA 	Keypress: l
139.1532 	EXP 	fixation: autoDraw = False
139.1532 	EXP 	text: autoDraw = True
139.1724 	EXP 	New trial (rep=0, index=87): {'reward_today': 13, 'future_reward': 104, 'delay': 48}
139.1807 	DATA 	Keypress: t
139.1867 	EXP 	fixation: autoDraw = False
139.1867 	EXP 	text: autoDraw = False
139.1867 	EXP 	text: height = 0.05
139.1867 	EXP 	text: height = 0.05
139.1867 	EXP 	text: height = 0.05
139.1867 	EXP 	text: text = 'GBP13 todayor GBP 104after48 days'
139.1867 	EXP 	fixation: autoDraw = True
139.3572 	DATA 	Keypress: t
139.5563 	DATA 	Keypress: t
139.7560 	DATA 	Keypress: t
139.9388 	DATA 	Keypress: t
140.1049 	DATA 	Keypress: t
140.1868 	EXP 	fixation: autoDraw = False
140.1868 	EXP 	text: autoDraw = True
140.3049 	EXP 	New trial (rep=0, index=88): {'reward_today': 77, 'future_reward': 91, 'delay': 73}
140.3163 	DATA 	Keypress: t
140.3200 	EXP 	fixation: autoDraw = False
140.3200 	EXP 	text: autoDraw = False
140.3200 	EXP 	text: height = 0.05
140.3200 	EXP 	text: height = 0.05
140.3200 	EXP 	text: height = 0.05
140.3200 	EXP 	text: text = 'GBP77 todayor GBP 91after73 days'
140.3200 	EXP 	fixation: autoDraw = True
140.4734 	DATA 	Keypress: t
140.6558 	DATA 	Keypress: t
140.8385 	DATA 	Keypress: t
141.0219 	DATA 	Keypress: t
141.2055 	DATA 	Keypress: t
141.3200 	EXP 	fixation: autoDraw = False
141.3200 	EXP 	text: autoDraw = True
141.3886 	EXP 	New trial (rep=0, index=89): {'reward_today': 36, 'future_reward': 105, 'delay': 67}
141.3954 	DATA 	Keypress: t
141.4033 	EXP 	fixation: autoDraw = False
141.4033 	EXP 	text: autoDraw = False
141.4033 	EXP 	text: height = 0.05
141.4033 	EXP 	text: height = 0.05
141.4033 	EXP 	text: height = 0.05
141.4033 	EXP 	text: text = 'GBP36 todayor GBP 105after67 days'
141.4033 	EXP 	fixation: autoDraw = True
141.5730 	DATA 	Keypress: t
141.7720 	DATA 	Keypress: t
142.0059 	DATA 	Keypress: t
142.1885 	DATA 	Keypress: t
142.4034 	EXP 	fixation: autoDraw = False
142.4034 	EXP 	text: autoDraw = True
142.4080 	DATA 	Keypress: t
142.5549 	EXP 	New trial (rep=0, index=90): {'reward_today': 59, 'future_reward': 115, 'delay': 120}
142.5622 	DATA 	Keypress: t
142.5699 	EXP 	fixation: autoDraw = False
142.5699 	EXP 	text: autoDraw = False
142.5699 	EXP 	text: height = 0.05
142.5699 	EXP 	text: height = 0.05
142.5699 	EXP 	text: height = 0.05
142.5699 	EXP 	text: text = 'GBP59 todayor GBP 115after120 days'
142.5699 	EXP 	fixation: autoDraw = True
142.8230 	DATA 	Keypress: t
143.0721 	DATA 	Keypress: t
143.2569 	DATA 	Keypress: t
143.4574 	DATA 	Keypress: t
143.5699 	EXP 	fixation: autoDraw = False
143.5699 	EXP 	text: autoDraw = True
143.7557 	EXP 	New trial (rep=0, index=91): {'reward_today': 17, 'future_reward': 117, 'delay': 142}
143.7629 	DATA 	Keypress: t
143.7699 	EXP 	fixation: autoDraw = False
143.7699 	EXP 	text: autoDraw = False
143.7699 	EXP 	text: height = 0.05
143.7699 	EXP 	text: height = 0.05
143.7699 	EXP 	text: height = 0.05
143.7699 	EXP 	text: text = 'GBP17 todayor GBP 117after142 days'
143.7699 	EXP 	fixation: autoDraw = True
143.9720 	DATA 	Keypress: t
144.4223 	DATA 	Keypress: t
144.7702 	EXP 	fixation: autoDraw = False
144.7702 	EXP 	text: autoDraw = True
144.7877 	EXP 	New trial (rep=0, index=92): {'reward_today': 69, 'future_reward': 123, 'delay': 53}
144.7932 	DATA 	Keypress: t
144.8032 	EXP 	fixation: autoDraw = False
144.8032 	EXP 	text: autoDraw = False
144.8032 	EXP 	text: height = 0.05
144.8032 	EXP 	text: height = 0.05
144.8032 	EXP 	text: height = 0.05
144.8032 	EXP 	text: text = 'GBP69 todayor GBP 123after53 days'
144.8032 	EXP 	fixation: autoDraw = True
145.0719 	DATA 	Keypress: l
145.2216 	DATA 	Keypress: l
145.3724 	DATA 	Keypress: l
145.5224 	DATA 	Keypress: l
145.6725 	DATA 	Keypress: l
145.7866 	EXP 	text: autoDraw = True
145.8032 	EXP 	fixation: autoDraw = False
145.8388 	EXP 	New trial (rep=0, index=93): {'reward_today': 15, 'future_reward': 107, 'delay': 59}
145.8500 	DATA 	Keypress: l
145.8533 	EXP 	fixation: autoDraw = False
145.8533 	EXP 	text: autoDraw = False
145.8533 	EXP 	text: height = 0.05
145.8533 	EXP 	text: height = 0.05
145.8533 	EXP 	text: height = 0.05
145.8533 	EXP 	text: text = 'GBP15 todayor GBP 107after59 days'
145.8533 	EXP 	fixation: autoDraw = True
146.0054 	DATA 	Keypress: l
146.1720 	DATA 	Keypress: l
146.3398 	DATA 	Keypress: l
146.5049 	DATA 	Keypress: l
146.6390 	DATA 	Keypress: l
146.7890 	DATA 	Keypress: l
146.8536 	EXP 	fixation: autoDraw = False
146.8536 	EXP 	text: autoDraw = True
146.9548 	EXP 	New trial (rep=0, index=94): {'reward_today': 78, 'future_reward': 88, 'delay': 92}
146.9656 	DATA 	Keypress: l
146.9708 	EXP 	fixation: autoDraw = False
146.9708 	EXP 	text: autoDraw = False
146.9708 	EXP 	text: height = 0.05
146.9708 	EXP 	text: height = 0.05
146.9708 	EXP 	text: height = 0.05
146.9708 	EXP 	text: text = 'GBP78 todayor GBP 88after92 days'
146.9708 	EXP 	fixation: autoDraw = True
147.0904 	DATA 	Keypress: l
147.2552 	DATA 	Keypress: l
147.3898 	DATA 	Keypress: l
147.5226 	DATA 	Keypress: l
147.6719 	DATA 	Keypress: l
147.8397 	DATA 	Keypress: l
147.9397 	DATA 	Keypress: l
147.9702 	EXP 	fixation: autoDraw = False
147.9702 	EXP 	text: autoDraw = True
148.0726 	EXP 	New trial (rep=0, index=95): {'reward_today': 47, 'future_reward': 83, 'delay': 107}
148.0810 	DATA 	Keypress: l
148.0868 	EXP 	fixation: autoDraw = False
148.0868 	EXP 	text: autoDraw = False
148.0868 	EXP 	text: height = 0.05
148.0868 	EXP 	text: height = 0.05
148.0868 	EXP 	text: height = 0.05
148.0868 	EXP 	text: text = 'GBP47 todayor GBP 83after107 days'
148.0868 	EXP 	fixation: autoDraw = True
148.3054 	DATA 	Keypress: l
148.4399 	DATA 	Keypress: l
148.5724 	DATA 	Keypress: l
148.7905 	DATA 	Keypress: l
149.0869 	EXP 	fixation: autoDraw = False
149.0869 	EXP 	text: autoDraw = True
149.9379 	EXP 	New trial (rep=0, index=96): {'reward_today': 28, 'future_reward': 101, 'delay': 145}
149.9449 	DATA 	Keypress: l
149.9532 	EXP 	fixation: autoDraw = False
149.9532 	EXP 	text: autoDraw = False
149.9532 	EXP 	text: height = 0.05
149.9532 	EXP 	text: height = 0.05
149.9532 	EXP 	text: height = 0.05
149.9532 	EXP 	text: text = 'GBP28 todayor GBP 101after145 days'
149.9532 	EXP 	fixation: autoDraw = True
150.1901 	DATA 	Keypress: l
150.4548 	DATA 	Keypress: t
150.6056 	DATA 	Keypress: l
150.7391 	DATA 	Keypress: t
150.8728 	DATA 	Keypress: l
150.9369 	EXP 	text: autoDraw = True
150.9533 	EXP 	fixation: autoDraw = False
150.9557 	EXP 	New trial (rep=0, index=97): {'reward_today': 78, 'future_reward': 80, 'delay': 162}
150.9656 	DATA 	Keypress: t
150.9700 	EXP 	fixation: autoDraw = False
150.9700 	EXP 	text: autoDraw = False
150.9700 	EXP 	text: height = 0.05
150.9700 	EXP 	text: height = 0.05
150.9700 	EXP 	text: height = 0.05
150.9700 	EXP 	text: text = 'GBP78 todayor GBP 80after162 days'
150.9700 	EXP 	fixation: autoDraw = True
151.1227 	DATA 	Keypress: l
151.2905 	DATA 	Keypress: t
151.4725 	DATA 	Keypress: t
151.5551 	DATA 	Keypress: l
151.8402 	DATA 	Keypress: t
151.9704 	EXP 	fixation: autoDraw = False
151.9704 	EXP 	text: autoDraw = True
152.0063 	EXP 	New trial (rep=0, index=98): {'reward_today': 48, 'future_reward': 125, 'delay': 107}
152.0147 	DATA 	Keypress: l
152.0200 	EXP 	fixation: autoDraw = False
152.0200 	EXP 	text: autoDraw = False
152.0200 	EXP 	text: height = 0.05
152.0200 	EXP 	text: height = 0.05
152.0200 	EXP 	text: height = 0.05
152.0200 	EXP 	text: text = 'GBP48 todayor GBP 125after107 days'
152.0200 	EXP 	fixation: autoDraw = True
152.1717 	DATA 	Keypress: t
152.3053 	DATA 	Keypress: l
152.5559 	DATA 	Keypress: t
152.8394 	DATA 	Keypress: l
152.9556 	DATA 	Keypress: t
153.0200 	EXP 	fixation: autoDraw = False
153.0200 	EXP 	text: autoDraw = True
153.1050 	EXP 	New trial (rep=0, index=99): {'reward_today': 4, 'future_reward': 121, 'delay': 124}
153.1148 	DATA 	Keypress: l
153.1200 	EXP 	fixation: autoDraw = False
153.1200 	EXP 	text: autoDraw = False
153.1200 	EXP 	text: height = 0.05
153.1200 	EXP 	text: height = 0.05
153.1200 	EXP 	text: height = 0.05
153.1200 	EXP 	text: text = 'GBP4 todayor GBP 121after124 days'
153.1200 	EXP 	fixation: autoDraw = True
153.2722 	DATA 	Keypress: t
153.3563 	DATA 	Keypress: l
153.4730 	DATA 	Keypress: t
153.7728 	DATA 	Keypress: l
154.0057 	DATA 	Keypress: l
154.1201 	EXP 	fixation: autoDraw = False
154.1201 	EXP 	text: autoDraw = True
154.1558 	DATA 	Keypress: t
154.1700 	EXP 	fixation: autoDraw = False
154.1700 	EXP 	text: autoDraw = False
154.3243 	EXP 	window1: mouseVisible = True
